   28.3618   121.7659    u(cm/s) m2      31.6332      97.67
   28.3618   121.7659    u(cm/s) s2      10.7929     127.96
   28.3618   121.7659    u(cm/s) n2       5.5669      88.95
   28.3618   121.7659    u(cm/s) k2       3.0348     138.58
   28.3618   121.7659    u(cm/s) k1       2.8960     186.11
   28.3618   121.7659    u(cm/s) o1       2.1035     156.36
   28.3618   121.7659    u(cm/s) p1       0.9543     177.00
   28.3618   121.7659    u(cm/s) q1       0.3436     143.61
   28.3624   121.8336    u(cm/s) m2      34.1134     104.92
   28.3624   121.8336    u(cm/s) s2      11.8159     134.93
   28.3624   121.8336    u(cm/s) n2       6.1396      94.36
   28.3624   121.8336    u(cm/s) k2       3.4005     145.38
   28.3624   121.8336    u(cm/s) k1       3.1417     187.07
   28.3624   121.8336    u(cm/s) o1       2.3106     158.36
   28.3624   121.8336    u(cm/s) p1       1.0132     177.20
   28.3624   121.8336    u(cm/s) q1       0.3876     145.50
   28.3631   121.9183    u(cm/s) m2      57.4307      97.94
   28.3631   121.9183    u(cm/s) s2      18.9658     124.06
   28.3631   121.9183    u(cm/s) n2       9.8818      86.47
   28.3631   121.9183    u(cm/s) k2       5.1136     137.01
   28.3631   121.9183    u(cm/s) k1       4.9082     184.58
   28.3631   121.9183    u(cm/s) o1       3.6795     154.30
   28.3631   121.9183    u(cm/s) p1       1.5594     175.97
   28.3631   121.9183    u(cm/s) q1       0.6299     139.22
   28.3638   122.0030    u(cm/s) m2      33.8332      95.04
   28.3638   122.0030    u(cm/s) s2      11.2075     117.41
   28.3638   122.0030    u(cm/s) n2       5.6857      82.37
   28.3638   122.0030    u(cm/s) k2       2.7604     129.93
   28.3638   122.0030    u(cm/s) k1       2.8754     188.48
   28.3638   122.0030    u(cm/s) o1       2.2248     157.64
   28.3638   122.0030    u(cm/s) p1       0.9105     180.81
   28.3638   122.0030    u(cm/s) q1       0.3907     140.98
   28.3644   122.0877    u(cm/s) m2      28.6189      97.20
   28.3644   122.0877    u(cm/s) s2       9.6352     119.16
   28.3644   122.0877    u(cm/s) n2       4.8290      83.23
   28.3644   122.0877    u(cm/s) k2       2.3163     129.24
   28.3644   122.0877    u(cm/s) k1       2.4586     192.30
   28.3644   122.0877    u(cm/s) o1       1.9289     162.65
   28.3644   122.0877    u(cm/s) p1       0.7805     185.74
   28.3644   122.0877    u(cm/s) q1       0.3416     145.06
   28.3651   122.2013    u(cm/s) m2      25.7998     100.51
   28.3651   122.2013    u(cm/s) s2       8.8182     123.17
   28.3651   122.2013    u(cm/s) n2       4.3851      85.46
   28.3651   122.2013    u(cm/s) k2       2.1027     130.56
   28.3651   122.2013    u(cm/s) k1       2.2591     195.53
   28.3651   122.2013    u(cm/s) o1       1.7710     167.48
   28.3651   122.2013    u(cm/s) p1       0.7168     190.45
   28.3651   122.2013    u(cm/s) q1       0.3138     149.12
   28.3657   122.3149    u(cm/s) m2      27.6420     101.96
   28.3657   122.3149    u(cm/s) s2       9.6368     126.40
   28.3657   122.3149    u(cm/s) n2       4.6825      86.22
   28.3657   122.3149    u(cm/s) k2       2.3190     131.45
   28.3657   122.3149    u(cm/s) k1       2.3678     192.71
   28.3657   122.3149    u(cm/s) o1       1.8251     165.46
   28.3657   122.3149    u(cm/s) p1       0.7592     188.08
   28.3657   122.3149    u(cm/s) q1       0.3137     148.53
   28.3662   122.4285    u(cm/s) m2      29.0369     102.71
   28.3662   122.4285    u(cm/s) s2      10.2945     128.63
   28.3662   122.4285    u(cm/s) n2       4.9155      86.52
   28.3662   122.4285    u(cm/s) k2       2.5076     132.01
   28.3662   122.4285    u(cm/s) k1       2.4571     189.22
   28.3662   122.4285    u(cm/s) o1       1.8544     162.37
   28.3662   122.4285    u(cm/s) p1       0.7883     184.90
   28.3662   122.4285    u(cm/s) q1       0.3093     146.77
   28.3667   122.5527    u(cm/s) m2      30.4458     103.02
   28.3667   122.5527    u(cm/s) s2      10.9625     130.10
   28.3667   122.5527    u(cm/s) n2       5.1451      86.45
   28.3667   122.5527    u(cm/s) k2       2.6929     132.04
   28.3667   122.5527    u(cm/s) k1       2.5569     186.19
   28.3667   122.5527    u(cm/s) o1       1.8866     159.50
   28.3667   122.5527    u(cm/s) p1       0.8169     182.14
   28.3667   122.5527    u(cm/s) q1       0.3055     145.21
   28.3670   122.6768    u(cm/s) m2      31.8244     103.06
   28.3670   122.6768    u(cm/s) s2      11.6176     131.00
   28.3670   122.6768    u(cm/s) n2       5.3646      86.18
   28.3670   122.6768    u(cm/s) k2       2.8685     131.81
   28.3670   122.6768    u(cm/s) k1       2.6643     183.74
   28.3670   122.6768    u(cm/s) o1       1.9227     157.08
   28.3670   122.6768    u(cm/s) p1       0.8454     179.85
   28.3670   122.6768    u(cm/s) q1       0.3028     144.06
   28.3673   122.8010    u(cm/s) m2      33.2063     102.92
   28.3673   122.8010    u(cm/s) s2      12.2803     131.50
   28.3673   122.8010    u(cm/s) n2       5.5797      85.78
   28.3673   122.8010    u(cm/s) k2       3.0397     131.39
   28.3673   122.8010    u(cm/s) k1       2.7760     181.68
   28.3673   122.8010    u(cm/s) o1       1.9605     155.00
   28.3673   122.8010    u(cm/s) p1       0.8741     177.88
   28.3673   122.8010    u(cm/s) q1       0.3005     143.32
   28.3674   122.9490    u(cm/s) m2      34.4226     102.66
   28.3674   122.9490    u(cm/s) s2      12.9073     131.76
   28.3674   122.9490    u(cm/s) n2       5.7619      85.24
   28.3674   122.9490    u(cm/s) k2       3.1949     130.74
   28.3674   122.9490    u(cm/s) k1       2.8833     179.90
   28.3674   122.9490    u(cm/s) o1       1.9887     153.23
   28.3674   122.9490    u(cm/s) p1       0.8988     176.12
   28.3674   122.9490    u(cm/s) q1       0.2960     143.17
   28.3674   123.0970    u(cm/s) m2      35.4535     102.39
   28.3674   123.0970    u(cm/s) s2      13.4646     131.88
   28.3674   123.0970    u(cm/s) n2       5.9155      84.72
   28.3674   123.0970    u(cm/s) k2       3.3296     130.09
   28.3674   123.0970    u(cm/s) k1       2.9854     178.46
   28.3674   123.0970    u(cm/s) o1       2.0130     151.80
   28.3674   123.0970    u(cm/s) p1       0.9201     174.62
   28.3674   123.0970    u(cm/s) q1       0.2911     143.46
   28.3672   123.2449    u(cm/s) m2      36.6864     102.12
   28.3672   123.2449    u(cm/s) s2      14.0945     131.91
   28.3672   123.2449    u(cm/s) n2       6.1044      84.22
   28.3672   123.2449    u(cm/s) k2       3.4795     129.43
   28.3672   123.2449    u(cm/s) k1       3.1131     177.29
   28.3672   123.2449    u(cm/s) o1       2.0538     150.72
   28.3672   123.2449    u(cm/s) p1       0.9478     173.36
   28.3672   123.2449    u(cm/s) q1       0.2887     144.27
   28.3668   123.3929    u(cm/s) m2      37.8646     101.92
   28.3668   123.3929    u(cm/s) s2      14.6934     131.95
   28.3668   123.3929    u(cm/s) n2       6.2872      83.82
   28.3668   123.3929    u(cm/s) k2       3.6228     128.86
   28.3668   123.3929    u(cm/s) k1       3.2475     176.41
   28.3668   123.3929    u(cm/s) o1       2.0978     149.93
   28.3668   123.3929    u(cm/s) p1       0.9761     172.34
   28.3668   123.3929    u(cm/s) q1       0.2861     145.55
   28.3663   123.5409    u(cm/s) m2      38.6806     101.94
   28.3663   123.5409    u(cm/s) s2      15.1318     132.15
   28.3663   123.5409    u(cm/s) n2       6.4265      83.64
   28.3663   123.5409    u(cm/s) k2       3.7367     128.54
   28.3663   123.5409    u(cm/s) k1       3.3673     175.77
   28.3663   123.5409    u(cm/s) o1       2.1373     149.40
   28.3663   123.5409    u(cm/s) p1       0.9951     171.46
   28.3663   123.5409    u(cm/s) q1       0.2841     147.11
   28.3657   123.6888    u(cm/s) m2      39.6539     101.77
   28.3657   123.6888    u(cm/s) s2      15.6257     132.17
   28.3657   123.6888    u(cm/s) n2       6.5794      83.32
   28.3657   123.6888    u(cm/s) k2       3.8604     128.05
   28.3657   123.6888    u(cm/s) k1       3.4975     174.98
   28.3657   123.6888    u(cm/s) o1       2.1749     148.73
   28.3657   123.6888    u(cm/s) p1       1.0189     170.51
   28.3657   123.6888    u(cm/s) q1       0.2794     149.11
   28.3648   123.8368    u(cm/s) m2      40.5569     101.64
   28.3648   123.8368    u(cm/s) s2      16.0708     132.17
   28.3648   123.8368    u(cm/s) n2       6.7229      83.01
   28.3648   123.8368    u(cm/s) k2       3.9758     127.56
   28.3648   123.8368    u(cm/s) k1       3.6268     174.25
   28.3648   123.8368    u(cm/s) o1       2.2123     148.12
   28.3648   123.8368    u(cm/s) p1       1.0397     169.58
   28.3648   123.8368    u(cm/s) q1       0.2750     151.52
   28.3639   123.9848    u(cm/s) m2      41.2180     101.72
   28.3639   123.9848    u(cm/s) s2      16.4002     132.36
   28.3639   123.9848    u(cm/s) n2       6.8438      82.89
   28.3639   123.9848    u(cm/s) k2       4.0755     127.29
   28.3639   123.9848    u(cm/s) k1       3.7583     173.73
   28.3639   123.9848    u(cm/s) o1       2.2538     147.70
   28.3639   123.9848    u(cm/s) p1       1.0579     168.63
   28.3639   123.9848    u(cm/s) q1       0.2711     154.52
   28.3627   124.1327    u(cm/s) m2      42.1391     101.64
   28.3627   124.1327    u(cm/s) s2      16.8182     132.35
   28.3627   124.1327    u(cm/s) n2       6.9990      82.57
   28.3627   124.1327    u(cm/s) k2       4.1935     126.79
   28.3627   124.1327    u(cm/s) k1       3.9114     173.04
   28.3627   124.1327    u(cm/s) o1       2.3029     147.13
   28.3627   124.1327    u(cm/s) p1       1.0814     167.52
   28.3627   124.1327    u(cm/s) q1       0.2679     158.17
   28.3614   124.2807    u(cm/s) m2      42.6333     101.49
   28.3614   124.2807    u(cm/s) s2      17.0442     132.21
   28.3614   124.2807    u(cm/s) n2       7.0809      82.12
   28.3614   124.2807    u(cm/s) k2       4.2612     126.13
   28.3614   124.2807    u(cm/s) k1       4.0299     172.52
   28.3614   124.2807    u(cm/s) o1       2.3307     146.78
   28.3614   124.2807    u(cm/s) p1       1.0942     166.50
   28.3614   124.2807    u(cm/s) q1       0.2627     162.76
   28.3599   124.4286    u(cm/s) m2      43.0217     101.26
   28.3599   124.4286    u(cm/s) s2      17.1862     131.89
   28.3599   124.4286    u(cm/s) n2       7.1623      81.40
   28.3599   124.4286    u(cm/s) k2       4.3091     125.26
   28.3599   124.4286    u(cm/s) k1       4.1849     173.03
   28.3599   124.4286    u(cm/s) o1       2.3920     147.63
   28.3599   124.4286    u(cm/s) p1       1.1177     166.17
   28.3599   124.4286    u(cm/s) q1       0.2611     168.90
   28.4942   124.4304    u(cm/s) m2      46.1806     103.02
   28.4942   124.4304    u(cm/s) s2      18.5878     133.83
   28.4942   124.4304    u(cm/s) n2       7.6638      83.55
   28.4942   124.4304    u(cm/s) k2       4.6601     127.48
   28.4942   124.4304    u(cm/s) k1       4.4998     173.37
   28.4942   124.4304    u(cm/s) o1       2.5036     150.16
   28.4942   124.4304    u(cm/s) p1       1.2118     167.94
   28.4942   124.4304    u(cm/s) q1       0.3062     176.35
   28.6284   124.4322    u(cm/s) m2      47.5533     104.10
   28.6284   124.4322    u(cm/s) s2      19.2478     134.99
   28.6284   124.4322    u(cm/s) n2       7.8531      85.00
   28.6284   124.4322    u(cm/s) k2       4.8073     128.89
   28.6284   124.4322    u(cm/s) k1       4.5934     172.81
   28.6284   124.4322    u(cm/s) o1       2.5103     152.13
   28.6284   124.4322    u(cm/s) p1       1.2500     169.25
   28.6284   124.4322    u(cm/s) q1       0.3539     179.77
   28.7626   124.4340    u(cm/s) m2      47.8784     105.03
   28.7626   124.4340    u(cm/s) s2      19.4679     136.01
   28.7626   124.4340    u(cm/s) n2       7.8964      86.30
   28.7626   124.4340    u(cm/s) k2       4.8521     130.30
   28.7626   124.4340    u(cm/s) k1       4.6324     173.39
   28.7626   124.4340    u(cm/s) o1       2.5231     155.16
   28.7626   124.4340    u(cm/s) p1       1.2850     171.55
   28.7626   124.4340    u(cm/s) q1       0.3992     181.36
   28.8968   124.4359    u(cm/s) m2      47.9723     106.09
   28.8968   124.4359    u(cm/s) s2      19.5912     137.22
   28.8968   124.4359    u(cm/s) n2       7.9102      87.75
   28.8968   124.4359    u(cm/s) k2       4.8805     131.99
   28.8968   124.4359    u(cm/s) k1       4.6646     174.89
   28.8968   124.4359    u(cm/s) o1       2.5583     158.68
   28.8968   124.4359    u(cm/s) p1       1.3259     174.52
   28.8968   124.4359    u(cm/s) q1       0.4402     181.94
   29.0310   124.4377    u(cm/s) m2      47.7429     107.15
   29.0310   124.4377    u(cm/s) s2      19.5666     138.44
   29.0310   124.4377    u(cm/s) n2       7.8694      89.14
   29.0310   124.4377    u(cm/s) k2       4.8743     133.69
   29.0310   124.4377    u(cm/s) k1       4.6890     176.54
   29.0310   124.4377    u(cm/s) o1       2.6115     161.94
   29.0310   124.4377    u(cm/s) p1       1.3646     177.35
   29.0310   124.4377    u(cm/s) q1       0.4809     181.50
   29.1653   124.4396    u(cm/s) m2      46.8757     108.57
   29.1653   124.4396    u(cm/s) s2      19.2745     140.03
   29.1653   124.4396    u(cm/s) n2       7.7326      90.81
   29.1653   124.4396    u(cm/s) k2       4.8152     135.76
   29.1653   124.4396    u(cm/s) k1       4.6925     178.40
   29.1653   124.4396    u(cm/s) o1       2.6622     164.85
   29.1653   124.4396    u(cm/s) p1       1.3933     179.85
   29.1653   124.4396    u(cm/s) q1       0.5139     180.91
   29.2995   124.4415    u(cm/s) m2      46.3139     109.99
   29.2995   124.4415    u(cm/s) s2      19.0864     141.60
   29.2995   124.4415    u(cm/s) n2       7.6247      92.41
   29.2995   124.4415    u(cm/s) k2       4.7709     137.75
   29.2995   124.4415    u(cm/s) k1       4.7209     180.17
   29.2995   124.4415    u(cm/s) o1       2.7358     167.42
   29.2995   124.4415    u(cm/s) p1       1.4359     182.13
   29.2995   124.4415    u(cm/s) q1       0.5480     179.90
   29.4337   124.4434    u(cm/s) m2      45.8014     111.66
   29.4337   124.4434    u(cm/s) s2      18.9081     143.40
   29.4337   124.4434    u(cm/s) n2       7.5225      94.18
   29.4337   124.4434    u(cm/s) k2       4.7307     139.90
   29.4337   124.4434    u(cm/s) k1       4.7821     181.74
   29.4337   124.4434    u(cm/s) o1       2.8328     169.59
   29.4337   124.4434    u(cm/s) p1       1.4612     183.88
   29.4337   124.4434    u(cm/s) q1       0.5842     178.75
   29.5679   124.4453    u(cm/s) m2      45.3457     113.58
   29.5679   124.4453    u(cm/s) s2      18.7503     145.47
   29.5679   124.4453    u(cm/s) n2       7.4237      96.15
   29.5679   124.4453    u(cm/s) k2       4.6935     142.25
   29.5679   124.4453    u(cm/s) k1       4.8263     183.07
   29.5679   124.4453    u(cm/s) o1       2.9398     171.42
   29.5679   124.4453    u(cm/s) p1       1.4845     185.30
   29.5679   124.4453    u(cm/s) q1       0.6193     177.60
   29.7021   124.4472    u(cm/s) m2      44.5549     116.08
   29.7021   124.4472    u(cm/s) s2      18.4650     148.14
   29.7021   124.4472    u(cm/s) n2       7.2764      98.68
   29.7021   124.4472    u(cm/s) k2       4.6329     145.18
   29.7021   124.4472    u(cm/s) k1       4.9469     184.26
   29.7021   124.4472    u(cm/s) o1       3.0213     172.92
   29.7021   124.4472    u(cm/s) p1       1.5066     186.37
   29.7021   124.4472    u(cm/s) q1       0.6420     176.97
   29.8363   124.4491    u(cm/s) m2      44.2466     118.52
   29.8363   124.4491    u(cm/s) s2      18.3901     150.78
   29.8363   124.4491    u(cm/s) n2       7.1880     101.22
   29.8363   124.4491    u(cm/s) k2       4.6033     148.06
   29.8363   124.4491    u(cm/s) k1       4.9693     185.18
   29.8363   124.4491    u(cm/s) o1       3.1205     174.25
   29.8363   124.4491    u(cm/s) p1       1.5411     187.21
   29.8363   124.4491    u(cm/s) q1       0.6664     176.23
   29.9705   124.4511    u(cm/s) m2      44.1354     121.09
   29.9705   124.4511    u(cm/s) s2      18.4140     153.55
   29.9705   124.4511    u(cm/s) n2       7.1290     103.95
   29.9705   124.4511    u(cm/s) k2       4.5907     151.09
   29.9705   124.4511    u(cm/s) k1       5.0759     185.93
   29.9705   124.4511    u(cm/s) o1       3.2323     175.39
   29.9705   124.4511    u(cm/s) p1       1.5809     187.85
   29.9705   124.4511    u(cm/s) q1       0.6906     175.49
   30.1047   124.4530    u(cm/s) m2      43.7922     124.10
   30.1047   124.4530    u(cm/s) s2      18.3624     156.79
   30.1047   124.4530    u(cm/s) n2       7.0444     107.14
   30.1047   124.4530    u(cm/s) k2       4.5663     154.61
   30.1047   124.4530    u(cm/s) k1       5.0967     186.58
   30.1047   124.4530    u(cm/s) o1       3.3247     176.32
   30.1047   124.4530    u(cm/s) p1       1.5968     188.37
   30.1047   124.4530    u(cm/s) q1       0.7078     175.15
   30.2389   124.4550    u(cm/s) m2      43.5314     127.22
   30.2389   124.4550    u(cm/s) s2      18.3594     160.14
   30.2389   124.4550    u(cm/s) n2       6.9744     110.54
   30.2389   124.4550    u(cm/s) k2       4.5533     158.31
   30.2389   124.4550    u(cm/s) k1       5.1367     187.15
   30.2389   124.4550    u(cm/s) o1       3.3999     177.16
   30.2389   124.4550    u(cm/s) p1       1.6215     188.79
   30.2389   124.4550    u(cm/s) q1       0.7167     175.20
   30.3731   124.4570    u(cm/s) m2      43.8844     129.96
   30.3731   124.4570    u(cm/s) s2      18.5995     163.04
   30.3731   124.4570    u(cm/s) n2       7.0052     113.60
   30.3731   124.4570    u(cm/s) k2       4.5964     161.63
   30.3731   124.4570    u(cm/s) k1       5.2049     187.78
   30.3731   124.4570    u(cm/s) o1       3.5522     177.79
   30.3731   124.4570    u(cm/s) p1       1.6697     189.09
   30.3731   124.4570    u(cm/s) q1       0.7455     174.22
   30.5073   124.4590    u(cm/s) m2      43.8070     133.14
   30.5073   124.4590    u(cm/s) s2      18.6677     166.40
   30.5073   124.4590    u(cm/s) n2       6.9811     117.13
   30.5073   124.4590    u(cm/s) k2       4.6161     165.42
   30.5073   124.4590    u(cm/s) k1       5.2502     188.29
   30.5073   124.4590    u(cm/s) o1       3.6289     178.39
   30.5073   124.4590    u(cm/s) p1       1.6970     189.43
   30.5073   124.4590    u(cm/s) q1       0.7535     174.37
   30.6415   124.4610    u(cm/s) m2      43.7567     136.31
   30.6415   124.4610    u(cm/s) s2      18.7357     169.75
   30.6415   124.4610    u(cm/s) n2       6.9713     120.64
   30.6415   124.4610    u(cm/s) k2       4.6471     169.17
   30.6415   124.4610    u(cm/s) k1       5.2627     188.93
   30.6415   124.4610    u(cm/s) o1       3.7001     178.89
   30.6415   124.4610    u(cm/s) p1       1.7206     189.80
   30.6415   124.4610    u(cm/s) q1       0.7619     174.51
   30.7756   124.4630    u(cm/s) m2      43.7091     139.48
   30.7756   124.4630    u(cm/s) s2      18.7943     173.09
   30.7756   124.4630    u(cm/s) n2       6.9709     124.11
   30.7756   124.4630    u(cm/s) k2       4.6860     172.83
   30.7756   124.4630    u(cm/s) k1       5.2622     189.69
   30.7756   124.4630    u(cm/s) o1       3.7624     179.32
   30.7756   124.4630    u(cm/s) p1       1.7379     190.24
   30.7756   124.4630    u(cm/s) q1       0.7713     174.64
   30.9098   124.4650    u(cm/s) m2      43.6429     142.64
   30.9098   124.4650    u(cm/s) s2      18.8393     176.46
   30.9098   124.4650    u(cm/s) n2       6.9743     127.52
   30.9098   124.4650    u(cm/s) k2       4.7288     176.40
   30.9098   124.4650    u(cm/s) k1       5.2452     190.60
   30.9098   124.4650    u(cm/s) o1       3.8126     179.69
   30.9098   124.4650    u(cm/s) p1       1.7457     190.82
   30.9098   124.4650    u(cm/s) q1       0.7824     174.76
   31.0440   124.4671    u(cm/s) m2      43.5458     145.81
   31.0440   124.4671    u(cm/s) s2      18.8713     179.88
   31.0440   124.4671    u(cm/s) n2       6.9771     130.87
   31.0440   124.4671    u(cm/s) k2       4.7717     179.85
   31.0440   124.4671    u(cm/s) k1       5.2099     191.73
   31.0440   124.4671    u(cm/s) o1       3.8488     180.05
   31.0440   124.4671    u(cm/s) p1       1.7416     191.58
   31.0440   124.4671    u(cm/s) q1       0.7952     174.86
   31.1782   124.4692    u(cm/s) m2      43.4756     149.00
   31.1782   124.4692    u(cm/s) s2      18.9175     183.35
   31.1782   124.4692    u(cm/s) n2       6.9879     134.19
   31.1782   124.4692    u(cm/s) k2       4.8189     183.19
   31.1782   124.4692    u(cm/s) k1       5.1696     193.08
   31.1782   124.4692    u(cm/s) o1       3.8831     180.39
   31.1782   124.4692    u(cm/s) p1       1.7302     192.50
   31.1782   124.4692    u(cm/s) q1       0.8126     174.85
   31.3124   124.4712    u(cm/s) m2      43.7256     151.69
   31.3124   124.4712    u(cm/s) s2      19.0848     186.31
   31.3124   124.4712    u(cm/s) n2       7.0483     136.93
   31.3124   124.4712    u(cm/s) k2       4.8912     185.94
   31.3124   124.4712    u(cm/s) k1       5.2546     194.59
   31.3124   124.4712    u(cm/s) o1       4.0268     180.39
   31.3124   124.4712    u(cm/s) p1       1.7550     193.27
   31.3124   124.4712    u(cm/s) q1       0.8491     173.31
   31.4465   124.4733    u(cm/s) m2      43.4849     154.77
   31.4465   124.4733    u(cm/s) s2      19.0553     189.70
   31.4465   124.4733    u(cm/s) n2       7.0366     140.10
   31.4465   124.4733    u(cm/s) k2       4.9190     188.94
   31.4465   124.4733    u(cm/s) k1       5.2149     196.19
   31.4465   124.4733    u(cm/s) o1       4.0616     180.79
   31.4465   124.4733    u(cm/s) p1       1.7328     194.29
   31.4465   124.4733    u(cm/s) q1       0.8670     173.09
   31.5807   124.4754    u(cm/s) m2      43.6619     157.80
   31.5807   124.4754    u(cm/s) s2      19.1792     192.92
   31.5807   124.4754    u(cm/s) n2       7.0951     143.26
   31.5807   124.4754    u(cm/s) k2       4.9864     191.79
   31.5807   124.4754    u(cm/s) k1       5.2872     197.88
   31.5807   124.4754    u(cm/s) o1       4.1897     181.16
   31.5807   124.4754    u(cm/s) p1       1.7469     195.22
   31.5807   124.4754    u(cm/s) q1       0.8980     171.82
   31.7148   124.4776    u(cm/s) m2      43.4096     160.92
   31.7148   124.4776    u(cm/s) s2      19.1131     196.23
   31.7148   124.4776    u(cm/s) n2       7.0902     146.58
   31.7148   124.4776    u(cm/s) k2       5.0110     194.67
   31.7148   124.4776    u(cm/s) k1       5.2769     199.30
   31.7148   124.4776    u(cm/s) o1       4.2402     181.66
   31.7148   124.4776    u(cm/s) p1       1.7367     196.00
   31.7148   124.4776    u(cm/s) q1       0.9102     171.31
   31.8490   124.4797    u(cm/s) m2      43.5395     164.20
   31.8490   124.4797    u(cm/s) s2      19.1863     199.57
   31.8490   124.4797    u(cm/s) n2       7.1496     150.16
   31.8490   124.4797    u(cm/s) k2       5.0757     197.68
   31.8490   124.4797    u(cm/s) k1       5.2948     200.65
   31.8490   124.4797    u(cm/s) o1       4.3023     182.39
   31.8490   124.4797    u(cm/s) p1       1.7429     196.85
   31.8490   124.4797    u(cm/s) q1       0.9184     170.76
   31.9832   124.4818    u(cm/s) m2      43.7633     167.84
   31.9832   124.4818    u(cm/s) s2      19.2679     203.15
   31.9832   124.4818    u(cm/s) n2       7.2302     154.20
   31.9832   124.4818    u(cm/s) k2       5.1500     201.03
   31.9832   124.4818    u(cm/s) k1       5.2576     202.20
   31.9832   124.4818    u(cm/s) o1       4.3176     183.73
   31.9832   124.4818    u(cm/s) p1       1.7472     198.13
   31.9832   124.4818    u(cm/s) q1       0.9164     171.00
   32.1173   124.4840    u(cm/s) m2      43.7228     171.40
   32.1173   124.4840    u(cm/s) s2      19.1992     206.61
   32.1173   124.4840    u(cm/s) n2       7.2695     158.21
   32.1173   124.4840    u(cm/s) k2       5.1894     204.34
   32.1173   124.4840    u(cm/s) k1       5.1389     203.60
   32.1173   124.4840    u(cm/s) o1       4.2517     185.21
   32.1173   124.4840    u(cm/s) p1       1.7396     199.43
   32.1173   124.4840    u(cm/s) q1       0.8936     171.39
   32.2515   124.4862    u(cm/s) m2      43.1055     175.24
   32.2515   124.4862    u(cm/s) s2      18.8401     210.30
   32.2515   124.4862    u(cm/s) n2       7.2184     162.57
   32.2515   124.4862    u(cm/s) k2       5.1567     207.95
   32.2515   124.4862    u(cm/s) k1       4.8620     205.65
   32.2515   124.4862    u(cm/s) o1       4.0599     187.79
   32.2515   124.4862    u(cm/s) p1       1.6991     201.57
   32.2515   124.4862    u(cm/s) q1       0.8456     172.93
   32.3856   124.4884    u(cm/s) m2      43.1174     178.59
   32.3856   124.4884    u(cm/s) s2      18.7460     213.60
   32.3856   124.4884    u(cm/s) n2       7.2742     166.38
   32.3856   124.4884    u(cm/s) k2       5.1953     211.14
   32.3856   124.4884    u(cm/s) k1       4.6537     207.39
   32.3856   124.4884    u(cm/s) o1       3.9086     190.16
   32.3856   124.4884    u(cm/s) p1       1.6893     203.31
   32.3856   124.4884    u(cm/s) q1       0.8012     174.12
   32.5198   124.4906    u(cm/s) m2      42.7715     182.15
   32.5198   124.4906    u(cm/s) s2      18.5022     217.18
   32.5198   124.4906    u(cm/s) n2       7.2779     170.38
   32.5198   124.4906    u(cm/s) k2       5.1906     214.48
   32.5198   124.4906    u(cm/s) k1       4.3286     210.43
   32.5198   124.4906    u(cm/s) o1       3.6877     194.31
   32.5198   124.4906    u(cm/s) p1       1.6509     206.27
   32.5198   124.4906    u(cm/s) q1       0.7439     177.38
   32.6539   124.4928    u(cm/s) m2      42.6996     185.20
   32.6539   124.4928    u(cm/s) s2      18.4113     220.38
   32.6539   124.4928    u(cm/s) n2       7.3230     173.75
   32.6539   124.4928    u(cm/s) k2       5.2132     217.29
   32.6539   124.4928    u(cm/s) k1       4.0897     213.58
   32.6539   124.4928    u(cm/s) o1       3.5360     198.64
   32.6539   124.4928    u(cm/s) p1       1.6310     209.05
   32.6539   124.4928    u(cm/s) q1       0.6899     180.95
   32.7880   124.4950    u(cm/s) m2      42.2294     188.42
   32.7880   124.4950    u(cm/s) s2      18.1918     223.83
   32.7880   124.4950    u(cm/s) n2       7.3068     177.24
   32.7880   124.4950    u(cm/s) k2       5.1871     220.19
   32.7880   124.4950    u(cm/s) k1       3.7855     218.75
   32.7880   124.4950    u(cm/s) o1       3.3811     205.02
   32.7880   124.4950    u(cm/s) p1       1.5862     213.23
   32.7880   124.4950    u(cm/s) q1       0.6366     187.28
   32.9222   124.4973    u(cm/s) m2      40.6785     192.09
   32.9222   124.4973    u(cm/s) s2      17.5439     227.78
   32.9222   124.4973    u(cm/s) n2       7.1102     181.15
   32.9222   124.4973    u(cm/s) k2       5.0298     223.45
   32.9222   124.4973    u(cm/s) k1       3.3730     227.97
   32.9222   124.4973    u(cm/s) o1       3.2226     214.84
   32.9222   124.4973    u(cm/s) p1       1.4954     220.08
   32.9222   124.4973    u(cm/s) q1       0.5877     198.16
   33.0563   124.4996    u(cm/s) m2      38.9066     195.35
   33.0563   124.4996    u(cm/s) s2      16.8377     231.32
   33.0563   124.4996    u(cm/s) n2       6.8608     184.59
   33.0563   124.4996    u(cm/s) k2       4.8373     226.33
   33.0563   124.4996    u(cm/s) k1       3.1659     237.57
   33.0563   124.4996    u(cm/s) o1       3.2077     223.33
   33.0563   124.4996    u(cm/s) p1       1.4353     226.51
   33.0563   124.4996    u(cm/s) q1       0.5611     208.55
   33.1904   124.5018    u(cm/s) m2      37.3218     198.42
   33.1904   124.5018    u(cm/s) s2      16.2420     234.63
   33.1904   124.5018    u(cm/s) n2       6.6365     187.84
   33.1904   124.5018    u(cm/s) k2       4.6655     229.06
   33.1904   124.5018    u(cm/s) k1       3.1579     246.69
   33.1904   124.5018    u(cm/s) o1       3.3212     230.17
   33.1904   124.5018    u(cm/s) p1       1.4147     232.57
   33.1904   124.5018    u(cm/s) q1       0.5600     217.97
   33.3246   124.5041    u(cm/s) m2      35.9820     201.32
   33.3246   124.5041    u(cm/s) s2      15.7698     237.67
   33.3246   124.5041    u(cm/s) n2       6.4506     190.95
   33.3246   124.5041    u(cm/s) k2       4.5230     231.68
   33.3246   124.5041    u(cm/s) k1       3.3193     253.77
   33.3246   124.5041    u(cm/s) o1       3.5259     234.77
   33.3246   124.5041    u(cm/s) p1       1.4332     237.66
   33.3246   124.5041    u(cm/s) q1       0.5764     225.25
   33.4587   124.5065    u(cm/s) m2      34.7686     203.92
   33.4587   124.5065    u(cm/s) s2      15.3533     240.31
   33.4587   124.5065    u(cm/s) n2       6.2783     193.80
   33.4587   124.5065    u(cm/s) k2       4.3915     234.03
   33.4587   124.5065    u(cm/s) k1       3.5691     258.08
   33.4587   124.5065    u(cm/s) o1       3.7630     237.24
   33.4587   124.5065    u(cm/s) p1       1.4711     241.51
   33.4587   124.5065    u(cm/s) q1       0.5969     230.49
   33.5928   124.5088    u(cm/s) m2      33.4179     206.01
   33.5928   124.5088    u(cm/s) s2      14.8577     242.32
   33.5928   124.5088    u(cm/s) n2       6.0668     196.14
   33.5928   124.5088    u(cm/s) k2       4.2333     235.87
   33.5928   124.5088    u(cm/s) k1       3.7956     259.69
   33.5928   124.5088    u(cm/s) o1       3.9395     237.66
   33.5928   124.5088    u(cm/s) p1       1.5007     243.66
   33.5928   124.5088    u(cm/s) q1       0.6012     233.43
   33.7269   124.5111    u(cm/s) m2      31.7141     207.00
   33.7269   124.5111    u(cm/s) s2      14.1760     243.19
   33.7269   124.5111    u(cm/s) n2       5.7621     197.36
   33.7269   124.5111    u(cm/s) k2       4.0155     236.66
   33.7269   124.5111    u(cm/s) k1       3.8588     259.00
   33.7269   124.5111    u(cm/s) o1       3.9450     236.32
   33.7269   124.5111    u(cm/s) p1       1.4812     243.95
   33.7269   124.5111    u(cm/s) q1       0.5673     234.40
   33.8610   124.5135    u(cm/s) m2      29.5922     206.37
   33.8610   124.5135    u(cm/s) s2      13.2868     242.41
   33.8610   124.5135    u(cm/s) n2       5.3387     196.93
   33.8610   124.5135    u(cm/s) k2       3.7272     235.88
   33.8610   124.5135    u(cm/s) k1       3.6787     257.07
   33.8610   124.5135    u(cm/s) o1       3.7318     233.93
   33.8610   124.5135    u(cm/s) p1       1.3865     242.97
   33.8610   124.5135    u(cm/s) q1       0.4916     234.09
   33.9951   124.5159    u(cm/s) m2      26.2656     203.29
   33.9951   124.5159    u(cm/s) s2      11.8877     239.11
   33.9951   124.5159    u(cm/s) n2       4.6475     193.93
   33.9951   124.5159    u(cm/s) k2       3.2861     232.62
   33.9951   124.5159    u(cm/s) k1       3.0059     258.18
   33.9951   124.5159    u(cm/s) o1       3.1297     234.25
   33.9951   124.5159    u(cm/s) p1       1.1408     244.05
   33.9951   124.5159    u(cm/s) q1       0.3732     237.54
   34.1293   124.5182    u(cm/s) m2      22.1805     200.39
   34.1293   124.5182    u(cm/s) s2      10.2285     235.74
   34.1293   124.5182    u(cm/s) n2       3.8108     191.07
   34.1293   124.5182    u(cm/s) k2       2.7672     229.22
   34.1293   124.5182    u(cm/s) k1       2.2801     275.62
   34.1293   124.5182    u(cm/s) o1       2.5374     246.14
   34.1293   124.5182    u(cm/s) p1       0.8858     258.15
   34.1293   124.5182    u(cm/s) q1       0.3252     252.86
   34.2508   124.4650    u(cm/s) m2      18.4698     199.41
   34.2508   124.4650    u(cm/s) s2       8.8228     234.39
   34.2508   124.4650    u(cm/s) n2       3.0720     190.43
   34.2508   124.4650    u(cm/s) k2       2.3275     227.72
   34.2508   124.4650    u(cm/s) k1       2.2717     306.71
   34.2508   124.4650    u(cm/s) o1       2.4130     267.26
   34.2508   124.4650    u(cm/s) p1       0.8205     283.46
   34.2508   124.4650    u(cm/s) q1       0.3862     269.44
   34.2889   124.3168    u(cm/s) m2      17.5348     199.10
   34.2889   124.3168    u(cm/s) s2       8.6294     234.86
   34.2889   124.3168    u(cm/s) n2       2.8892     190.82
   34.2889   124.3168    u(cm/s) k2       2.2566     228.25
   34.2889   124.3168    u(cm/s) k1       2.4644     318.55
   34.2889   124.3168    u(cm/s) o1       2.4825     275.54
   34.2889   124.3168    u(cm/s) p1       0.8135     292.20
   34.2889   124.3168    u(cm/s) q1       0.4292     274.30
   34.2906   124.1552    u(cm/s) m2      17.3437     198.34
   34.2906   124.1552    u(cm/s) s2       8.7267     235.35
   34.2906   124.1552    u(cm/s) n2       2.8455     190.74
   34.2906   124.1552    u(cm/s) k2       2.2751     228.87
   34.2906   124.1552    u(cm/s) k1       2.5324     324.65
   34.2906   124.1552    u(cm/s) o1       2.4914     279.38
   34.2906   124.1552    u(cm/s) p1       0.7685     295.73
   34.2906   124.1552    u(cm/s) q1       0.4494     277.26
   34.2920   123.9936    u(cm/s) m2      16.8370     197.64
   34.2920   123.9936    u(cm/s) s2       8.6880     235.96
   34.2920   123.9936    u(cm/s) n2       2.7396     190.88
   34.2920   123.9936    u(cm/s) k2       2.2513     229.69
   34.2920   123.9936    u(cm/s) k1       2.6520     330.52
   34.2920   123.9936    u(cm/s) o1       2.5209     283.34
   34.2920   123.9936    u(cm/s) p1       0.7304     300.28
   34.2920   123.9936    u(cm/s) q1       0.4705     280.09
   34.2932   123.8320    u(cm/s) m2      16.1654     196.73
   34.2932   123.8320    u(cm/s) s2       8.5757     236.45
   34.2932   123.8320    u(cm/s) n2       2.5973     190.95
   34.2932   123.8320    u(cm/s) k2       2.2057     230.47
   34.2932   123.8320    u(cm/s) k1       2.8075     335.91
   34.2932   123.8320    u(cm/s) o1       2.5725     287.24
   34.2932   123.8320    u(cm/s) p1       0.7009     305.76
   34.2932   123.8320    u(cm/s) q1       0.4953     282.77
   34.2942   123.6704    u(cm/s) m2      15.4439     195.72
   34.2942   123.6704    u(cm/s) s2       8.4525     236.93
   34.2942   123.6704    u(cm/s) n2       2.4395     191.08
   34.2942   123.6704    u(cm/s) k2       2.1558     231.36
   34.2942   123.6704    u(cm/s) k1       3.0173     340.57
   34.2942   123.6704    u(cm/s) o1       2.6646     290.80
   34.2942   123.6704    u(cm/s) p1       0.6884     311.72
   34.2942   123.6704    u(cm/s) q1       0.5251     284.82
   34.2950   123.5088    u(cm/s) m2      14.3200     195.04
   34.2950   123.5088    u(cm/s) s2       8.1447     237.72
   34.2950   123.5088    u(cm/s) n2       2.2117     191.94
   34.2950   123.5088    u(cm/s) k2       2.0567     232.77
   34.2950   123.5088    u(cm/s) k1       3.2642     343.99
   34.2950   123.5088    u(cm/s) o1       2.7866     293.63
   34.2950   123.5088    u(cm/s) p1       0.6985     317.50
   34.2950   123.5088    u(cm/s) q1       0.5564     285.56
   34.2955   123.3471    u(cm/s) m2      12.9350     194.49
   34.2955   123.3471    u(cm/s) s2       7.7246     238.69
   34.2955   123.3471    u(cm/s) n2       1.9374     193.50
   34.2955   123.3471    u(cm/s) k2       1.9292     234.64
   34.2955   123.3471    u(cm/s) k1       3.5523     346.61
   34.2955   123.3471    u(cm/s) o1       2.9451     295.89
   34.2955   123.3471    u(cm/s) p1       0.7325     322.88
   34.2955   123.3471    u(cm/s) q1       0.5903     285.21
   34.2959   123.1855    u(cm/s) m2      11.2858     194.05
   34.2959   123.1855    u(cm/s) s2       7.1900     239.84
   34.2959   123.1855    u(cm/s) n2       1.6196     196.20
   34.2959   123.1855    u(cm/s) k2       1.7746     237.08
   34.2959   123.1855    u(cm/s) k1       3.8576     348.30
   34.2959   123.1855    u(cm/s) o1       3.1274     297.34
   34.2959   123.1855    u(cm/s) p1       0.7859     327.22
   34.2959   123.1855    u(cm/s) q1       0.6257     283.75
   34.2960   123.0239    u(cm/s) m2       9.3633     193.89
   34.2960   123.0239    u(cm/s) s2       6.5407     241.38
   34.2960   123.0239    u(cm/s) n2       1.2638     201.40
   34.2960   123.0239    u(cm/s) k2       1.5946     240.46
   34.2960   123.0239    u(cm/s) k1       4.1816     349.10
   34.2960   123.0239    u(cm/s) o1       3.3340     297.96
   34.2960   123.0239    u(cm/s) p1       0.8582     330.23
   34.2960   123.0239    u(cm/s) q1       0.6622     281.33
   34.2959   122.8622    u(cm/s) m2       7.2357     193.62
   34.2959   122.8622    u(cm/s) s2       5.8002     243.19
   34.2959   122.8622    u(cm/s) n2       0.8948     211.40
   34.2959   122.8622    u(cm/s) k2       1.3988     244.80
   34.2959   122.8622    u(cm/s) k1       4.4886     349.31
   34.2959   122.8622    u(cm/s) o1       3.5360     297.96
   34.2959   122.8622    u(cm/s) p1       0.9366     332.20
   34.2959   122.8622    u(cm/s) q1       0.6977     278.35
   34.2957   122.7006    u(cm/s) m2       4.8205     194.18
   34.2957   122.7006    u(cm/s) s2       4.9655     246.16
   34.2957   122.7006    u(cm/s) n2       0.5718     238.65
   34.2957   122.7006    u(cm/s) k2       1.1907     251.47
   34.2957   122.7006    u(cm/s) k1       4.8571     348.61
   34.2957   122.7006    u(cm/s) o1       3.7907     297.25
   34.2957   122.7006    u(cm/s) p1       1.0400     332.83
   34.2957   122.7006    u(cm/s) q1       0.7406     274.81
   34.2952   122.5390    u(cm/s) m2       2.0160     204.62
   34.2952   122.5390    u(cm/s) s2       3.9367     252.67
   34.2952   122.5390    u(cm/s) n2       0.5960     292.47
   34.2952   122.5390    u(cm/s) k2       0.9647     263.53
   34.2952   122.5390    u(cm/s) k1       5.1139     346.42
   34.2952   122.5390    u(cm/s) o1       3.9696     295.25
   34.2952   122.5390    u(cm/s) p1       1.1269     331.29
   34.2952   122.5390    u(cm/s) q1       0.7658     270.55
   34.2946   122.4024    u(cm/s) m2       1.7869     321.86
   34.2946   122.4024    u(cm/s) s2       3.0407     269.21
   34.2946   122.4024    u(cm/s) n2       1.0807     316.81
   34.2946   122.4024    u(cm/s) k2       0.8390     285.47
   34.2946   122.4024    u(cm/s) k1       5.3767     341.59
   34.2946   122.4024    u(cm/s) o1       4.1719     291.14
   34.2946   122.4024    u(cm/s) p1       1.2260     326.14
   34.2946   122.4024    u(cm/s) q1       0.7916     265.27
   34.2938   122.2658    u(cm/s) m2       3.8975     330.51
   34.2938   122.2658    u(cm/s) s2       3.8309     279.62
   34.2938   122.2658    u(cm/s) n2       1.6530     318.90
   34.2938   122.2658    u(cm/s) k2       1.1306     295.41
   34.2938   122.2658    u(cm/s) k1       6.4664     340.80
   34.2938   122.2658    u(cm/s) o1       5.0841     288.66
   34.2938   122.2658    u(cm/s) p1       1.4692     323.94
   34.2938   122.2658    u(cm/s) q1       1.0106     262.44
   34.2929   122.1293    u(cm/s) m2       4.7902     181.77
   34.2929   122.1293    u(cm/s) s2       7.4029     244.51
   34.2929   122.1293    u(cm/s) n2       0.4337     272.38
   34.2929   122.1293    u(cm/s) k2       1.7144     255.93
   34.2929   122.1293    u(cm/s) k1       6.2267       3.60
   34.2929   122.1293    u(cm/s) o1       4.5108     300.72
   34.2929   122.1293    u(cm/s) p1       1.2072     348.07
   34.2929   122.1293    u(cm/s) q1       1.1349     265.92
   34.2919   121.9927    u(cm/s) m2       8.5925     166.80
   34.2919   121.9927    u(cm/s) s2       9.5827     235.62
   34.2919   121.9927    u(cm/s) n2       0.4193     162.76
   34.2919   121.9927    u(cm/s) k2       2.1241     244.73
   34.2919   121.9927    u(cm/s) k1       7.4062      15.99
   34.2919   121.9927    u(cm/s) o1       4.7381     311.70
   34.2919   121.9927    u(cm/s) p1       1.3579       4.68
   34.2919   121.9927    u(cm/s) q1       1.2443     266.65
   34.2907   121.8594    u(cm/s) m2       5.1105     125.53
   34.2907   121.8594    u(cm/s) s2       7.0206     238.19
   34.2907   121.8594    u(cm/s) n2       0.6401      26.53
   34.2907   121.8594    u(cm/s) k2       1.5503     252.05
   34.2907   121.8594    u(cm/s) k1       7.6086      11.71
   34.2907   121.8594    u(cm/s) o1       4.9693     309.63
   34.2907   121.8594    u(cm/s) p1       1.4651       1.63
   34.2907   121.8594    u(cm/s) q1       1.2022     266.13
   34.2894   121.7261    u(cm/s) m2       7.7377      73.66
   34.2894   121.7261    u(cm/s) s2       5.1495     241.55
   34.2894   121.7261    u(cm/s) n2       1.7016      19.89
   34.2894   121.7261    u(cm/s) k2       1.1521     262.83
   34.2894   121.7261    u(cm/s) k1       8.4627       8.29
   34.2894   121.7261    u(cm/s) o1       5.6289     307.94
   34.2894   121.7261    u(cm/s) p1       1.7075       0.67
   34.2894   121.7261    u(cm/s) q1       1.2676     266.63
   34.2879   121.5927    u(cm/s) m2      13.1768      51.00
   34.2879   121.5927    u(cm/s) s2       2.9488     253.28
   34.2879   121.5927    u(cm/s) n2       2.7718      15.70
   34.2879   121.5927    u(cm/s) k2       0.8022     285.25
   34.2879   121.5927    u(cm/s) k1       8.8110       4.72
   34.2879   121.5927    u(cm/s) o1       5.8981     305.37
   34.2879   121.5927    u(cm/s) p1       1.8212     357.82
   34.2879   121.5927    u(cm/s) q1       1.2772     266.04
   34.2863   121.4594    u(cm/s) m2      18.7856      42.65
   34.2863   121.4594    u(cm/s) s2       1.3351     292.56
   34.2863   121.4594    u(cm/s) n2       3.6723      14.36
   34.2863   121.4594    u(cm/s) k2       0.6376     317.03
   34.2863   121.4594    u(cm/s) k1       8.8944       2.47
   34.2863   121.4594    u(cm/s) o1       5.9238     303.73
   34.2863   121.4594    u(cm/s) p1       1.8643     355.92
   34.2863   121.4594    u(cm/s) q1       1.2514     265.58
   34.2849   121.3500    u(cm/s) m2      23.2166      37.81
   34.2849   121.3500    u(cm/s) s2       1.7136       6.06
   34.2849   121.3500    u(cm/s) n2       4.3092      12.84
   34.2849   121.3500    u(cm/s) k2       0.6701     347.44
   34.2849   121.3500    u(cm/s) k1       8.6409       0.56
   34.2849   121.3500    u(cm/s) o1       5.7205     302.19
   34.2849   121.3500    u(cm/s) p1       1.8211     353.65
   34.2849   121.3500    u(cm/s) q1       1.1926     265.05
   34.2834   121.2407    u(cm/s) m2      27.5931      33.63
   34.2834   121.2407    u(cm/s) s2       3.3803      29.31
   34.2834   121.2407    u(cm/s) n2       4.8914      10.79
   34.2834   121.2407    u(cm/s) k2       0.8378       9.29
   34.2834   121.2407    u(cm/s) k1       8.2284     358.23
   34.2834   121.2407    u(cm/s) o1       5.4001     300.14
   34.2834   121.2407    u(cm/s) p1       1.7340     349.85
   34.2834   121.2407    u(cm/s) q1       1.1186     263.96
   34.2818   121.1314    u(cm/s) m2      31.5183      29.96
   34.2818   121.1314    u(cm/s) s2       5.1343      35.31
   34.2818   121.1314    u(cm/s) n2       5.3706       8.66
   34.2818   121.1314    u(cm/s) k2       1.0679      21.91
   34.2818   121.1314    u(cm/s) k1       7.6401     355.67
   34.2818   121.1314    u(cm/s) o1       4.9833     297.63
   34.2818   121.1314    u(cm/s) p1       1.6242     346.59
   34.2818   121.1314    u(cm/s) q1       1.0282     263.10
   34.2801   121.0247    u(cm/s) m2      34.7677      26.27
   34.2801   121.0247    u(cm/s) s2       6.8786      38.38
   34.2801   121.0247    u(cm/s) n2       5.7166       5.83
   34.2801   121.0247    u(cm/s) k2       1.2938      29.35
   34.2801   121.0247    u(cm/s) k1       6.8643     352.21
   34.2801   121.0247    u(cm/s) o1       4.4306     294.19
   34.2801   121.0247    u(cm/s) p1       1.4610     340.39
   34.2801   121.0247    u(cm/s) q1       0.9182     261.14
   34.2783   120.9180    u(cm/s) m2      37.5070      22.89
   34.2783   120.9180    u(cm/s) s2       8.4009      39.68
   34.2783   120.9180    u(cm/s) n2       5.9877       2.99
   34.2783   120.9180    u(cm/s) k2       1.4918      33.63
   34.2783   120.9180    u(cm/s) k1       6.1433     348.28
   34.2783   120.9180    u(cm/s) o1       3.9149     290.19
   34.2783   120.9180    u(cm/s) p1       1.3148     333.06
   34.2783   120.9180    u(cm/s) q1       0.8164     258.75
   34.2765   120.8114    u(cm/s) m2      40.1759      18.59
   34.2765   120.8114    u(cm/s) s2      10.0085      39.27
   34.2765   120.8114    u(cm/s) n2       6.2445     358.91
   34.2765   120.8114    u(cm/s) k2       1.7172      35.32
   34.2765   120.8114    u(cm/s) k1       5.3200     342.22
   34.2765   120.8114    u(cm/s) o1       3.3537     283.72
   34.2765   120.8114    u(cm/s) p1       1.1701     322.76
   34.2765   120.8114    u(cm/s) q1       0.7111     255.08
   34.2745   120.7047    u(cm/s) m2      41.8359      13.59
   34.2745   120.7047    u(cm/s) s2      11.2704      37.43
   34.2745   120.7047    u(cm/s) n2       6.3601     353.97
   34.2745   120.7047    u(cm/s) k2       1.8891      34.65
   34.2745   120.7047    u(cm/s) k1       4.5141     334.90
   34.2745   120.7047    u(cm/s) o1       2.8127     275.78
   34.2745   120.7047    u(cm/s) p1       1.0405     310.76
   34.2745   120.7047    u(cm/s) q1       0.6082     250.41
   34.2724   120.5958    u(cm/s) m2      42.8036       6.87
   34.2724   120.5958    u(cm/s) s2      12.3633      33.92
   34.2724   120.5958    u(cm/s) n2       6.3822     347.06
   34.2724   120.5958    u(cm/s) k2       2.0371      31.45
   34.2724   120.5958    u(cm/s) k1       3.6744     324.09
   34.2724   120.5958    u(cm/s) o1       2.2729     263.82
   34.2724   120.5958    u(cm/s) p1       0.9302     295.30
   34.2724   120.5958    u(cm/s) q1       0.5044     243.58
   34.2702   120.4870    u(cm/s) m2      39.1393     358.24
   34.2702   120.4870    u(cm/s) s2      11.9391      28.27
   34.2702   120.4870    u(cm/s) n2       5.7446     338.04
   34.2702   120.4870    u(cm/s) k2       1.9426      25.34
   34.2702   120.4870    u(cm/s) k1       2.6789     310.18
   34.2702   120.4870    u(cm/s) o1       1.6562     248.52
   34.2702   120.4870    u(cm/s) p1       0.7763     278.07
   34.2702   120.4870    u(cm/s) q1       0.3752     234.75
   34.2680   120.3781    u(cm/s) m2      28.7852     356.47
   34.2680   120.3781    u(cm/s) s2       8.6923      24.76
   34.2680   120.3781    u(cm/s) n2       4.1856     337.19
   34.2680   120.3781    u(cm/s) k2       1.4054      23.05
   34.2680   120.3781    u(cm/s) k1       1.9725     319.85
   34.2680   120.3781    u(cm/s) o1       1.1578     261.54
   34.2680   120.3781    u(cm/s) p1       0.5127     278.83
   34.2680   120.3781    u(cm/s) q1       0.2664     237.96
