   28.3618   121.7659       z(m) m2       1.5298      15.99
   28.3618   121.7659       z(m) s2       0.5647      48.09
   28.3618   121.7659       z(m) n2       0.3000       2.06
   28.3618   121.7659       z(m) k2       0.1678      49.46
   28.3618   121.7659       z(m) k1       0.2832      94.16
   28.3618   121.7659       z(m) o1       0.2112      68.71
   28.3618   121.7659       z(m) p1       0.0880      89.07
   28.3618   121.7659       z(m) q1       0.0367      52.11
   28.3624   121.8336       z(m) m2       1.5233      14.82
   28.3624   121.8336       z(m) s2       0.5629      46.74
   28.3624   121.8336       z(m) n2       0.2973       0.62
   28.3624   121.8336       z(m) k2       0.1670      47.86
   28.3624   121.8336       z(m) k1       0.2821      93.46
   28.3624   121.8336       z(m) o1       0.2109      68.07
   28.3624   121.8336       z(m) p1       0.0878      88.44
   28.3624   121.8336       z(m) q1       0.0365      51.45
   28.3631   121.9183       z(m) m2       1.4951      12.97
   28.3631   121.9183       z(m) s2       0.5536      44.76
   28.3631   121.9183       z(m) n2       0.2907     358.32
   28.3631   121.9183       z(m) k2       0.1644      45.37
   28.3631   121.9183       z(m) k1       0.2801      92.36
   28.3631   121.9183       z(m) o1       0.2100      67.03
   28.3631   121.9183       z(m) p1       0.0873      87.47
   28.3631   121.9183       z(m) q1       0.0363      50.36
   28.3638   122.0030       z(m) m2       1.4655      12.37
   28.3638   122.0030       z(m) s2       0.5447      44.27
   28.3638   122.0030       z(m) n2       0.2841     357.36
   28.3638   122.0030       z(m) k2       0.1619      44.29
   28.3638   122.0030       z(m) k1       0.2780      91.88
   28.3638   122.0030       z(m) o1       0.2089      66.61
   28.3638   122.0030       z(m) p1       0.0869      87.10
   28.3638   122.0030       z(m) q1       0.0360      49.92
   28.3644   122.0877       z(m) m2       1.4465      12.25
   28.3644   122.0877       z(m) s2       0.5400      44.27
   28.3644   122.0877       z(m) n2       0.2797     357.01
   28.3644   122.0877       z(m) k2       0.1604      43.79
   28.3644   122.0877       z(m) k1       0.2762      91.71
   28.3644   122.0877       z(m) o1       0.2079      66.49
   28.3644   122.0877       z(m) p1       0.0864      86.99
   28.3644   122.0877       z(m) q1       0.0358      49.81
   28.3651   122.2013       z(m) m2       1.4248      12.12
   28.3651   122.2013       z(m) s2       0.5350      44.29
   28.3651   122.2013       z(m) n2       0.2747     356.66
   28.3651   122.2013       z(m) k2       0.1588      43.23
   28.3651   122.2013       z(m) k1       0.2739      91.54
   28.3651   122.2013       z(m) o1       0.2063      66.39
   28.3651   122.2013       z(m) p1       0.0857      86.89
   28.3651   122.2013       z(m) q1       0.0355      49.77
   28.3657   122.3149       z(m) m2       1.4030      11.92
   28.3657   122.3149       z(m) s2       0.5297      44.21
   28.3657   122.3149       z(m) n2       0.2698     356.28
   28.3657   122.3149       z(m) k2       0.1570      42.62
   28.3657   122.3149       z(m) k1       0.2716      91.37
   28.3657   122.3149       z(m) o1       0.2047      66.29
   28.3657   122.3149       z(m) p1       0.0850      86.80
   28.3657   122.3149       z(m) q1       0.0352      49.76
   28.3662   122.4285       z(m) m2       1.3800      11.61
   28.3662   122.4285       z(m) s2       0.5236      44.01
   28.3662   122.4285       z(m) n2       0.2647     355.82
   28.3662   122.4285       z(m) k2       0.1551      41.93
   28.3662   122.4285       z(m) k1       0.2694      91.20
   28.3662   122.4285       z(m) o1       0.2031      66.20
   28.3662   122.4285       z(m) p1       0.0843      86.71
   28.3662   122.4285       z(m) q1       0.0349      49.74
   28.3667   122.5527       z(m) m2       1.3531      11.16
   28.3667   122.5527       z(m) s2       0.5161      43.64
   28.3667   122.5527       z(m) n2       0.2589     355.23
   28.3667   122.5527       z(m) k2       0.1527      41.06
   28.3667   122.5527       z(m) k1       0.2670      91.00
   28.3667   122.5527       z(m) o1       0.2012      66.08
   28.3667   122.5527       z(m) p1       0.0836      86.60
   28.3667   122.5527       z(m) q1       0.0346      49.72
   28.3670   122.6768       z(m) m2       1.3248      10.61
   28.3670   122.6768       z(m) s2       0.5078      43.11
   28.3670   122.6768       z(m) n2       0.2529     354.54
   28.3670   122.6768       z(m) k2       0.1501      40.10
   28.3670   122.6768       z(m) k1       0.2647      90.78
   28.3670   122.6768       z(m) o1       0.1994      65.97
   28.3670   122.6768       z(m) p1       0.0828      86.49
   28.3670   122.6768       z(m) q1       0.0344      49.70
   28.3673   122.8010       z(m) m2       1.2954       9.94
   28.3673   122.8010       z(m) s2       0.4988      42.45
   28.3673   122.8010       z(m) n2       0.2469     353.77
   28.3673   122.8010       z(m) k2       0.1473      39.05
   28.3673   122.8010       z(m) k1       0.2625      90.54
   28.3673   122.8010       z(m) o1       0.1977      65.84
   28.3673   122.8010       z(m) p1       0.0821      86.37
   28.3673   122.8010       z(m) q1       0.0341      49.67
   28.3674   122.9490       z(m) m2       1.2594       9.00
   28.3674   122.9490       z(m) s2       0.4874      41.50
   28.3674   122.9490       z(m) n2       0.2396     352.76
   28.3674   122.9490       z(m) k2       0.1438      37.69
   28.3674   122.9490       z(m) k1       0.2600      90.24
   28.3674   122.9490       z(m) o1       0.1956      65.69
   28.3674   122.9490       z(m) p1       0.0813      86.21
   28.3674   122.9490       z(m) q1       0.0338      49.62
   28.3674   123.0970       z(m) m2       1.2224       7.90
   28.3674   123.0970       z(m) s2       0.4753      40.36
   28.3674   123.0970       z(m) n2       0.2323     351.63
   28.3674   123.0970       z(m) k2       0.1401      36.20
   28.3674   123.0970       z(m) k1       0.2577      89.92
   28.3674   123.0970       z(m) o1       0.1937      65.52
   28.3674   123.0970       z(m) p1       0.0805      86.06
   28.3674   123.0970       z(m) q1       0.0336      49.55
   28.3672   123.2449       z(m) m2       1.1851       6.65
   28.3672   123.2449       z(m) s2       0.4627      39.06
   28.3672   123.2449       z(m) n2       0.2249     350.40
   28.3672   123.2449       z(m) k2       0.1364      34.61
   28.3672   123.2449       z(m) k1       0.2555      89.59
   28.3672   123.2449       z(m) o1       0.1919      65.34
   28.3672   123.2449       z(m) p1       0.0798      85.90
   28.3672   123.2449       z(m) q1       0.0333      49.47
   28.3668   123.3929       z(m) m2       1.1476       5.24
   28.3668   123.3929       z(m) s2       0.4498      37.60
   28.3668   123.3929       z(m) n2       0.2175     349.08
   28.3668   123.3929       z(m) k2       0.1325      32.89
   28.3668   123.3929       z(m) k1       0.2535      89.24
   28.3668   123.3929       z(m) o1       0.1903      65.16
   28.3668   123.3929       z(m) p1       0.0792      85.74
   28.3668   123.3929       z(m) q1       0.0331      49.39
   28.3663   123.5409       z(m) m2       1.1100       3.68
   28.3663   123.5409       z(m) s2       0.4367      35.97
   28.3663   123.5409       z(m) n2       0.2102     347.65
   28.3663   123.5409       z(m) k2       0.1285      31.05
   28.3663   123.5409       z(m) k1       0.2516      88.87
   28.3663   123.5409       z(m) o1       0.1887      64.96
   28.3663   123.5409       z(m) p1       0.0786      85.56
   28.3663   123.5409       z(m) q1       0.0330      49.31
   28.3657   123.6888       z(m) m2       1.0727       1.99
   28.3657   123.6888       z(m) s2       0.4233      34.18
   28.3657   123.6888       z(m) n2       0.2028     346.11
   28.3657   123.6888       z(m) k2       0.1245      29.06
   28.3657   123.6888       z(m) k1       0.2497      88.48
   28.3657   123.6888       z(m) o1       0.1872      64.75
   28.3657   123.6888       z(m) p1       0.0780      85.36
   28.3657   123.6888       z(m) q1       0.0328      49.25
   28.3648   123.8368       z(m) m2       1.0358       0.19
   28.3648   123.8368       z(m) s2       0.4096      32.23
   28.3648   123.8368       z(m) n2       0.1954     344.44
   28.3648   123.8368       z(m) k2       0.1203      26.90
   28.3648   123.8368       z(m) k1       0.2480      88.05
   28.3648   123.8368       z(m) o1       0.1859      64.52
   28.3648   123.8368       z(m) p1       0.0774      85.12
   28.3648   123.8368       z(m) q1       0.0327      49.23
   28.3639   123.9848       z(m) m2       0.9995     358.30
   28.3639   123.9848       z(m) s2       0.3959      30.12
   28.3639   123.9848       z(m) n2       0.1881     342.65
   28.3639   123.9848       z(m) k2       0.1161      24.54
   28.3639   123.9848       z(m) k1       0.2461      87.57
   28.3639   123.9848       z(m) o1       0.1846      64.27
   28.3639   123.9848       z(m) p1       0.0768      84.81
   28.3639   123.9848       z(m) q1       0.0327      49.26
   28.3627   124.1327       z(m) m2       0.9639     356.34
   28.3627   124.1327       z(m) s2       0.3820      27.85
   28.3627   124.1327       z(m) n2       0.1809     340.72
   28.3627   124.1327       z(m) k2       0.1118      21.97
   28.3627   124.1327       z(m) k1       0.2442      87.04
   28.3627   124.1327       z(m) o1       0.1833      64.00
   28.3627   124.1327       z(m) p1       0.0760      84.43
   28.3627   124.1327       z(m) q1       0.0327      49.36
   28.3614   124.2807       z(m) m2       0.9289     354.28
   28.3614   124.2807       z(m) s2       0.3680      25.38
   28.3614   124.2807       z(m) n2       0.1738     338.63
   28.3614   124.2807       z(m) k2       0.1075      19.15
   28.3614   124.2807       z(m) k1       0.2422      86.46
   28.3614   124.2807       z(m) o1       0.1821      63.71
   28.3614   124.2807       z(m) p1       0.0752      83.98
   28.3614   124.2807       z(m) q1       0.0327      49.51
   28.3599   124.4286       z(m) m2       0.8939     352.10
   28.3599   124.4286       z(m) s2       0.3537      22.69
   28.3599   124.4286       z(m) n2       0.1668     336.41
   28.3599   124.4286       z(m) k2       0.1032      16.12
   28.3599   124.4286       z(m) k1       0.2400      85.81
   28.3599   124.4286       z(m) o1       0.1808      63.40
   28.3599   124.4286       z(m) p1       0.0743      83.48
   28.3599   124.4286       z(m) q1       0.0328      49.68
   28.4942   124.4304       z(m) m2       0.9192     353.89
   28.4942   124.4304       z(m) s2       0.3662      25.05
   28.4942   124.4304       z(m) n2       0.1705     338.32
   28.4942   124.4304       z(m) k2       0.1066      18.42
   28.4942   124.4304       z(m) k1       0.2411      85.44
   28.4942   124.4304       z(m) o1       0.1808      62.98
   28.4942   124.4304       z(m) p1       0.0745      83.21
   28.4942   124.4304       z(m) q1       0.0328      49.55
   28.6284   124.4322       z(m) m2       0.9442     355.71
   28.6284   124.4322       z(m) s2       0.3786      27.35
   28.6284   124.4322       z(m) n2       0.1743     340.25
   28.6284   124.4322       z(m) k2       0.1100      20.67
   28.6284   124.4322       z(m) k1       0.2419      85.06
   28.6284   124.4322       z(m) o1       0.1806      62.58
   28.6284   124.4322       z(m) p1       0.0747      82.92
   28.6284   124.4322       z(m) q1       0.0327      49.45
   28.7626   124.4340       z(m) m2       0.9677     357.54
   28.7626   124.4340       z(m) s2       0.3906      29.58
   28.7626   124.4340       z(m) n2       0.1778     342.19
   28.7626   124.4340       z(m) k2       0.1133      22.88
   28.7626   124.4340       z(m) k1       0.2425      84.66
   28.7626   124.4340       z(m) o1       0.1803      62.18
   28.7626   124.4340       z(m) p1       0.0748      82.59
   28.7626   124.4340       z(m) q1       0.0326      49.35
   28.8968   124.4359       z(m) m2       0.9889     359.34
   28.8968   124.4359       z(m) s2       0.4017      31.68
   28.8968   124.4359       z(m) n2       0.1809     344.08
   28.8968   124.4359       z(m) k2       0.1163      24.99
   28.8968   124.4359       z(m) k1       0.2429      84.24
   28.8968   124.4359       z(m) o1       0.1799      61.76
   28.8968   124.4359       z(m) p1       0.0748      82.21
   28.8968   124.4359       z(m) q1       0.0324      49.26
   29.0310   124.4377       z(m) m2       1.0078       1.08
   29.0310   124.4377       z(m) s2       0.4118      33.67
   29.0310   124.4377       z(m) n2       0.1838     345.95
   29.0310   124.4377       z(m) k2       0.1192      27.03
   29.0310   124.4377       z(m) k1       0.2431      83.81
   29.0310   124.4377       z(m) o1       0.1794      61.33
   29.0310   124.4377       z(m) p1       0.0749      81.79
   29.0310   124.4377       z(m) q1       0.0323      49.16
   29.1653   124.4396       z(m) m2       1.0237       2.80
   29.1653   124.4396       z(m) s2       0.4207      35.59
   29.1653   124.4396       z(m) n2       0.1862     347.84
   29.1653   124.4396       z(m) k2       0.1217      29.03
   29.1653   124.4396       z(m) k1       0.2433      83.37
   29.1653   124.4396       z(m) o1       0.1788      60.88
   29.1653   124.4396       z(m) p1       0.0749      81.35
   29.1653   124.4396       z(m) q1       0.0320      49.06
   29.2995   124.4415       z(m) m2       1.0365       4.51
   29.2995   124.4415       z(m) s2       0.4285      37.48
   29.2995   124.4415       z(m) n2       0.1882     349.76
   29.2995   124.4415       z(m) k2       0.1239      31.03
   29.2995   124.4415       z(m) k1       0.2434      82.92
   29.2995   124.4415       z(m) o1       0.1781      60.41
   29.2995   124.4415       z(m) p1       0.0749      80.89
   29.2995   124.4415       z(m) q1       0.0318      48.93
   29.4337   124.4434       z(m) m2       1.0464       6.21
   29.4337   124.4434       z(m) s2       0.4350      39.36
   29.4337   124.4434       z(m) n2       0.1897     351.72
   29.4337   124.4434       z(m) k2       0.1258      33.01
   29.4337   124.4434       z(m) k1       0.2434      82.46
   29.4337   124.4434       z(m) o1       0.1772      59.93
   29.4337   124.4434       z(m) p1       0.0749      80.42
   29.4337   124.4434       z(m) q1       0.0314      48.80
   29.5679   124.4453       z(m) m2       1.0535       7.94
   29.5679   124.4453       z(m) s2       0.4404      41.25
   29.5679   124.4453       z(m) n2       0.1909     353.74
   29.5679   124.4453       z(m) k2       0.1274      35.00
   29.5679   124.4453       z(m) k1       0.2432      81.99
   29.5679   124.4453       z(m) o1       0.1762      59.43
   29.5679   124.4453       z(m) p1       0.0748      79.93
   29.5679   124.4453       z(m) q1       0.0311      48.66
   29.7021   124.4472       z(m) m2       1.0581       9.69
   29.7021   124.4472       z(m) s2       0.4450      43.18
   29.7021   124.4472       z(m) n2       0.1916     355.83
   29.7021   124.4472       z(m) k2       0.1286      37.00
   29.7021   124.4472       z(m) k1       0.2428      81.50
   29.7021   124.4472       z(m) o1       0.1750      58.91
   29.7021   124.4472       z(m) p1       0.0746      79.44
   29.7021   124.4472       z(m) q1       0.0307      48.52
   29.8363   124.4491       z(m) m2       1.0604      11.50
   29.8363   124.4491       z(m) s2       0.4487      45.18
   29.8363   124.4491       z(m) n2       0.1920     358.01
   29.8363   124.4491       z(m) k2       0.1294      39.03
   29.8363   124.4491       z(m) k1       0.2422      81.00
   29.8363   124.4491       z(m) o1       0.1737      58.38
   29.8363   124.4491       z(m) p1       0.0744      78.94
   29.8363   124.4491       z(m) q1       0.0302      48.38
   29.9705   124.4511       z(m) m2       1.0608      13.35
   29.9705   124.4511       z(m) s2       0.4517      47.20
   29.9705   124.4511       z(m) n2       0.1922       0.25
   29.9705   124.4511       z(m) k2       0.1300      41.05
   29.9705   124.4511       z(m) k1       0.2414      80.48
   29.9705   124.4511       z(m) o1       0.1722      57.83
   29.9705   124.4511       z(m) p1       0.0740      78.41
   29.9705   124.4511       z(m) q1       0.0297      48.26
   30.1047   124.4530       z(m) m2       1.0589      15.26
   30.1047   124.4530       z(m) s2       0.4537      49.28
   30.1047   124.4530       z(m) n2       0.1921       2.57
   30.1047   124.4530       z(m) k2       0.1303      43.11
   30.1047   124.4530       z(m) k1       0.2402      79.94
   30.1047   124.4530       z(m) o1       0.1705      57.25
   30.1047   124.4530       z(m) p1       0.0735      77.86
   30.1047   124.4530       z(m) q1       0.0292      48.16
   30.2389   124.4550       z(m) m2       1.0552      17.19
   30.2389   124.4550       z(m) s2       0.4550      51.35
   30.2389   124.4550       z(m) n2       0.1919       4.91
   30.2389   124.4550       z(m) k2       0.1303      45.14
   30.2389   124.4550       z(m) k1       0.2388      79.36
   30.2389   124.4550       z(m) o1       0.1687      56.65
   30.2389   124.4550       z(m) p1       0.0730      77.28
   30.2389   124.4550       z(m) q1       0.0286      48.09
   30.3731   124.4570       z(m) m2       1.0492      19.16
   30.3731   124.4570       z(m) s2       0.4551      53.40
   30.3731   124.4570       z(m) n2       0.1914       7.29
   30.3731   124.4570       z(m) k2       0.1301      47.17
   30.3731   124.4570       z(m) k1       0.2371      78.76
   30.3731   124.4570       z(m) o1       0.1668      56.03
   30.3731   124.4570       z(m) p1       0.0723      76.65
   30.3731   124.4570       z(m) q1       0.0281      48.05
   30.5073   124.4590       z(m) m2       1.0407      21.18
   30.5073   124.4590       z(m) s2       0.4539      55.45
   30.5073   124.4590       z(m) n2       0.1907       9.70
   30.5073   124.4590       z(m) k2       0.1296      49.19
   30.5073   124.4590       z(m) k1       0.2351      78.12
   30.5073   124.4590       z(m) o1       0.1646      55.37
   30.5073   124.4590       z(m) p1       0.0715      75.97
   30.5073   124.4590       z(m) q1       0.0275      48.04
   30.6415   124.4610       z(m) m2       1.0298      23.22
   30.6415   124.4610       z(m) s2       0.4516      57.46
   30.6415   124.4610       z(m) n2       0.1898      12.12
   30.6415   124.4610       z(m) k2       0.1288      51.18
   30.6415   124.4610       z(m) k1       0.2328      77.47
   30.6415   124.4610       z(m) o1       0.1624      54.72
   30.6415   124.4610       z(m) p1       0.0706      75.26
   30.6415   124.4610       z(m) q1       0.0269      48.07
   30.7756   124.4630       z(m) m2       1.0168      25.30
   30.7756   124.4630       z(m) s2       0.4481      59.44
   30.7756   124.4630       z(m) n2       0.1886      14.54
   30.7756   124.4630       z(m) k2       0.1278      53.13
   30.7756   124.4630       z(m) k1       0.2302      76.81
   30.7756   124.4630       z(m) o1       0.1601      54.06
   30.7756   124.4630       z(m) p1       0.0697      74.53
   30.7756   124.4630       z(m) q1       0.0264      48.14
   30.9098   124.4650       z(m) m2       1.0014      27.42
   30.9098   124.4650       z(m) s2       0.4434      61.40
   30.9098   124.4650       z(m) n2       0.1871      16.96
   30.9098   124.4650       z(m) k2       0.1265      55.05
   30.9098   124.4650       z(m) k1       0.2275      76.15
   30.9098   124.4650       z(m) o1       0.1576      53.43
   30.9098   124.4650       z(m) p1       0.0687      73.80
   30.9098   124.4650       z(m) q1       0.0258      48.24
   31.0440   124.4671       z(m) m2       0.9840      29.61
   31.0440   124.4671       z(m) s2       0.4376      63.35
   31.0440   124.4671       z(m) n2       0.1853      19.40
   31.0440   124.4671       z(m) k2       0.1250      56.95
   31.0440   124.4671       z(m) k1       0.2245      75.52
   31.0440   124.4671       z(m) o1       0.1550      52.82
   31.0440   124.4671       z(m) p1       0.0676      73.11
   31.0440   124.4671       z(m) q1       0.0253      48.36
   31.1782   124.4692       z(m) m2       0.9646      31.87
   31.1782   124.4692       z(m) s2       0.4309      65.30
   31.1782   124.4692       z(m) n2       0.1831      21.86
   31.1782   124.4692       z(m) k2       0.1231      58.84
   31.1782   124.4692       z(m) k1       0.2213      74.93
   31.1782   124.4692       z(m) o1       0.1523      52.27
   31.1782   124.4692       z(m) p1       0.0664      72.50
   31.1782   124.4692       z(m) q1       0.0248      48.50
   31.3124   124.4712       z(m) m2       0.9425      34.25
   31.3124   124.4712       z(m) s2       0.4229      67.30
   31.3124   124.4712       z(m) n2       0.1803      24.40
   31.3124   124.4712       z(m) k2       0.1208      60.75
   31.3124   124.4712       z(m) k1       0.2179      74.38
   31.3124   124.4712       z(m) o1       0.1493      51.77
   31.3124   124.4712       z(m) p1       0.0652      71.98
   31.3124   124.4712       z(m) q1       0.0243      48.58
   31.4465   124.4733       z(m) m2       0.9181      36.77
   31.4465   124.4733       z(m) s2       0.4139      69.33
   31.4465   124.4733       z(m) n2       0.1770      27.02
   31.4465   124.4733       z(m) k2       0.1181      62.68
   31.4465   124.4733       z(m) k1       0.2143      73.90
   31.4465   124.4733       z(m) o1       0.1462      51.33
   31.4465   124.4733       z(m) p1       0.0639      71.58
   31.4465   124.4733       z(m) q1       0.0239      48.62
   31.5807   124.4754       z(m) m2       0.8918      39.46
   31.5807   124.4754       z(m) s2       0.4038      71.42
   31.5807   124.4754       z(m) n2       0.1732      29.74
   31.5807   124.4754       z(m) k2       0.1150      64.67
   31.5807   124.4754       z(m) k1       0.2105      73.49
   31.5807   124.4754       z(m) o1       0.1430      50.96
   31.5807   124.4754       z(m) p1       0.0625      71.32
   31.5807   124.4754       z(m) q1       0.0235      48.60
   31.7148   124.4776       z(m) m2       0.8637      42.37
   31.7148   124.4776       z(m) s2       0.3926      73.62
   31.7148   124.4776       z(m) n2       0.1691      32.63
   31.7148   124.4776       z(m) k2       0.1115      66.76
   31.7148   124.4776       z(m) k1       0.2065      73.15
   31.7148   124.4776       z(m) o1       0.1396      50.66
   31.7148   124.4776       z(m) p1       0.0610      71.19
   31.7148   124.4776       z(m) q1       0.0231      48.52
   31.8490   124.4797       z(m) m2       0.8348      45.50
   31.8490   124.4797       z(m) s2       0.3803      75.92
   31.8490   124.4797       z(m) n2       0.1649      35.65
   31.8490   124.4797       z(m) k2       0.1077      68.94
   31.8490   124.4797       z(m) k1       0.2023      72.89
   31.8490   124.4797       z(m) o1       0.1361      50.46
   31.8490   124.4797       z(m) p1       0.0594      71.21
   31.8490   124.4797       z(m) q1       0.0227      48.42
   31.9832   124.4818       z(m) m2       0.8063      48.91
   31.9832   124.4818       z(m) s2       0.3673      78.37
   31.9832   124.4818       z(m) n2       0.1606      38.86
   31.9832   124.4818       z(m) k2       0.1037      71.27
   31.9832   124.4818       z(m) k1       0.1978      72.73
   31.9832   124.4818       z(m) o1       0.1324      50.40
   31.9832   124.4818       z(m) p1       0.0578      71.38
   31.9832   124.4818       z(m) q1       0.0223      48.36
   32.1173   124.4840       z(m) m2       0.7790      52.56
   32.1173   124.4840       z(m) s2       0.3537      80.97
   32.1173   124.4840       z(m) n2       0.1567      42.22
   32.1173   124.4840       z(m) k2       0.0998      73.76
   32.1173   124.4840       z(m) k1       0.1930      72.69
   32.1173   124.4840       z(m) o1       0.1287      50.53
   32.1173   124.4840       z(m) p1       0.0562      71.72
   32.1173   124.4840       z(m) q1       0.0219      48.40
   32.2515   124.4862       z(m) m2       0.7540      56.45
   32.2515   124.4862       z(m) s2       0.3398      83.75
   32.2515   124.4862       z(m) n2       0.1531      45.71
   32.2515   124.4862       z(m) k2       0.0959      76.42
   32.2515   124.4862       z(m) k1       0.1880      72.81
   32.2515   124.4862       z(m) o1       0.1249      50.89
   32.2515   124.4862       z(m) p1       0.0546      72.23
   32.2515   124.4862       z(m) q1       0.0215      48.60
   32.3856   124.4884       z(m) m2       0.7321      60.55
   32.3856   124.4884       z(m) s2       0.3258      86.74
   32.3856   124.4884       z(m) n2       0.1501      49.32
   32.3856   124.4884       z(m) k2       0.0923      79.28
   32.3856   124.4884       z(m) k1       0.1826      73.13
   32.3856   124.4884       z(m) o1       0.1210      51.57
   32.3856   124.4884       z(m) p1       0.0530      72.93
   32.3856   124.4884       z(m) q1       0.0211      49.04
   32.5198   124.4906       z(m) m2       0.7135      64.79
   32.5198   124.4906       z(m) s2       0.3119      89.94
   32.5198   124.4906       z(m) n2       0.1477      52.98
   32.5198   124.4906       z(m) k2       0.0889      82.29
   32.5198   124.4906       z(m) k1       0.1770      73.68
   32.5198   124.4906       z(m) o1       0.1170      52.59
   32.5198   124.4906       z(m) p1       0.0515      73.82
   32.5198   124.4906       z(m) q1       0.0206      49.74
   32.6539   124.4928       z(m) m2       0.6989      69.11
   32.6539   124.4928       z(m) s2       0.2988      93.36
   32.6539   124.4928       z(m) n2       0.1459      56.62
   32.6539   124.4928       z(m) k2       0.0859      85.43
   32.6539   124.4928       z(m) k1       0.1712      74.52
   32.6539   124.4928       z(m) o1       0.1132      54.05
   32.6539   124.4928       z(m) p1       0.0501      74.95
   32.6539   124.4928       z(m) q1       0.0202      50.80
   32.7880   124.4950       z(m) m2       0.6880      73.43
   32.7880   124.4950       z(m) s2       0.2867      97.01
   32.7880   124.4950       z(m) n2       0.1446      60.20
   32.7880   124.4950       z(m) k2       0.0831      88.66
   32.7880   124.4950       z(m) k1       0.1656      75.67
   32.7880   124.4950       z(m) o1       0.1096      55.93
   32.7880   124.4950       z(m) p1       0.0488      76.33
   32.7880   124.4950       z(m) q1       0.0199      52.23
   32.9222   124.4973       z(m) m2       0.6812      77.72
   32.9222   124.4973       z(m) s2       0.2762     100.91
   32.9222   124.4973       z(m) n2       0.1439      63.72
   32.9222   124.4973       z(m) k2       0.0807      92.02
   32.9222   124.4973       z(m) k1       0.1601      77.21
   32.9222   124.4973       z(m) o1       0.1065      58.26
   32.9222   124.4973       z(m) p1       0.0477      77.99
   32.9222   124.4973       z(m) q1       0.0196      54.11
   33.0563   124.4996       z(m) m2       0.6784      81.98
   33.0563   124.4996       z(m) s2       0.2676     105.08
   33.0563   124.4996       z(m) n2       0.1436      67.19
   33.0563   124.4996       z(m) k2       0.0786      95.53
   33.0563   124.4996       z(m) k1       0.1551      79.17
   33.0563   124.4996       z(m) o1       0.1040      61.06
   33.0563   124.4996       z(m) p1       0.0468      79.98
   33.0563   124.4996       z(m) q1       0.0194      56.45
   33.1904   124.5018       z(m) m2       0.6785      86.25
   33.1904   124.5018       z(m) s2       0.2606     109.56
   33.1904   124.5018       z(m) n2       0.1436      70.70
   33.1904   124.5018       z(m) k2       0.0767      99.28
   33.1904   124.5018       z(m) k1       0.1506      81.53
   33.1904   124.5018       z(m) o1       0.1022      64.24
   33.1904   124.5018       z(m) p1       0.0461      82.26
   33.1904   124.5018       z(m) q1       0.0193      59.21
   33.3246   124.5041       z(m) m2       0.6810      90.59
   33.3246   124.5041       z(m) s2       0.2551     114.39
   33.3246   124.5041       z(m) n2       0.1439      74.32
   33.3246   124.5041       z(m) k2       0.0750     103.36
   33.3246   124.5041       z(m) k1       0.1466      84.28
   33.3246   124.5041       z(m) o1       0.1010      67.73
   33.3246   124.5041       z(m) p1       0.0455      84.82
   33.3246   124.5041       z(m) q1       0.0192      62.35
   33.4587   124.5065       z(m) m2       0.6853      95.07
   33.4587   124.5065       z(m) s2       0.2511     119.63
   33.4587   124.5065       z(m) n2       0.1443      78.15
   33.4587   124.5065       z(m) k2       0.0734     107.89
   33.4587   124.5065       z(m) k1       0.1433      87.40
   33.4587   124.5065       z(m) o1       0.1005      71.46
   33.4587   124.5065       z(m) p1       0.0450      87.68
   33.4587   124.5065       z(m) q1       0.0193      65.84
   33.5928   124.5088       z(m) m2       0.6913      99.77
   33.5928   124.5088       z(m) s2       0.2484     125.34
   33.5928   124.5088       z(m) n2       0.1449      82.26
   33.5928   124.5088       z(m) k2       0.0719     112.97
   33.5928   124.5088       z(m) k1       0.1408      90.85
   33.5928   124.5088       z(m) o1       0.1007      75.36
   33.5928   124.5088       z(m) p1       0.0448      90.81
   33.5928   124.5088       z(m) q1       0.0194      69.64
   33.7269   124.5111       z(m) m2       0.6988     104.76
   33.7269   124.5111       z(m) s2       0.2468     131.57
   33.7269   124.5111       z(m) n2       0.1458      86.72
   33.7269   124.5111       z(m) k2       0.0706     118.71
   33.7269   124.5111       z(m) k1       0.1390      94.61
   33.7269   124.5111       z(m) o1       0.1015      79.36
   33.7269   124.5111       z(m) p1       0.0446      94.23
   33.7269   124.5111       z(m) q1       0.0196      73.69
   33.8610   124.5135       z(m) m2       0.7077     110.08
   33.8610   124.5135       z(m) s2       0.2464     138.38
   33.8610   124.5135       z(m) n2       0.1469      91.57
   33.8610   124.5135       z(m) k2       0.0695     125.17
   33.8610   124.5135       z(m) k1       0.1379      98.63
   33.8610   124.5135       z(m) o1       0.1027      83.42
   33.8610   124.5135       z(m) p1       0.0447      97.92
   33.8610   124.5135       z(m) q1       0.0198      77.93
   33.9951   124.5159       z(m) m2       0.7185     115.63
   33.9951   124.5159       z(m) s2       0.2474     145.60
   33.9951   124.5159       z(m) n2       0.1482      96.70
   33.9951   124.5159       z(m) k2       0.0687     132.17
   33.9951   124.5159       z(m) k1       0.1376     102.91
   33.9951   124.5159       z(m) o1       0.1045      87.49
   33.9951   124.5159       z(m) p1       0.0450     101.86
   33.9951   124.5159       z(m) q1       0.0201      82.18
   34.1293   124.5182       z(m) m2       0.7318     121.14
   34.1293   124.5182       z(m) s2       0.2498     152.88
   34.1293   124.5182       z(m) n2       0.1499     101.85
   34.1293   124.5182       z(m) k2       0.0684     139.31
   34.1293   124.5182       z(m) k1       0.1385     107.46
   34.1293   124.5182       z(m) o1       0.1071      91.55
   34.1293   124.5182       z(m) p1       0.0457     105.98
   34.1293   124.5182       z(m) q1       0.0205      86.23
   34.2508   124.4650       z(m) m2       0.7419     126.10
   34.2508   124.4650       z(m) s2       0.2524     159.32
   34.2508   124.4650       z(m) n2       0.1505     106.52
   34.2508   124.4650       z(m) k2       0.0680     145.68
   34.2508   124.4650       z(m) k1       0.1358     111.99
   34.2508   124.4650       z(m) o1       0.1072      96.01
   34.2508   124.4650       z(m) p1       0.0454     110.52
   34.2508   124.4650       z(m) q1       0.0206      90.98
   34.2889   124.3168       z(m) m2       0.7331     128.06
   34.2889   124.3168       z(m) s2       0.2507     161.47
   34.2889   124.3168       z(m) n2       0.1477     108.32
   34.2889   124.3168       z(m) k2       0.0669     147.82
   34.2889   124.3168       z(m) k1       0.1233     114.25
   34.2889   124.3168       z(m) o1       0.0996      99.71
   34.2889   124.3168       z(m) p1       0.0420     113.90
   34.2889   124.3168       z(m) q1       0.0198      96.04
   34.2906   124.1552       z(m) m2       0.7192     128.52
   34.2906   124.1552       z(m) s2       0.2480     161.63
   34.2906   124.1552       z(m) n2       0.1444     108.74
   34.2906   124.1552       z(m) k2       0.0659     148.03
   34.2906   124.1552       z(m) k1       0.1090     115.35
   34.2906   124.1552       z(m) o1       0.0905     102.99
   34.2906   124.1552       z(m) p1       0.0380     116.57
   34.2906   124.1552       z(m) q1       0.0188     100.86
   34.2920   123.9936       z(m) m2       0.7057     128.78
   34.2920   123.9936       z(m) s2       0.2459     161.59
   34.2920   123.9936       z(m) n2       0.1413     109.02
   34.2920   123.9936       z(m) k2       0.0651     148.08
   34.2920   123.9936       z(m) k1       0.0947     116.65
   34.2920   123.9936       z(m) o1       0.0820     106.86
   34.2920   123.9936       z(m) p1       0.0340     119.61
   34.2920   123.9936       z(m) q1       0.0180     105.98
   34.2932   123.8320       z(m) m2       0.6922     128.83
   34.2932   123.8320       z(m) s2       0.2440     161.39
   34.2932   123.8320       z(m) n2       0.1381     109.16
   34.2932   123.8320       z(m) k2       0.0643     147.98
   34.2932   123.8320       z(m) k1       0.0804     118.26
   34.2932   123.8320       z(m) o1       0.0739     111.46
   34.2932   123.8320       z(m) p1       0.0302     123.13
   34.2932   123.8320       z(m) q1       0.0174     111.33
   34.2942   123.6704       z(m) m2       0.6781     128.66
   34.2942   123.6704       z(m) s2       0.2421     160.99
   34.2942   123.6704       z(m) n2       0.1349     109.15
   34.2942   123.6704       z(m) k2       0.0636     147.72
   34.2942   123.6704       z(m) k1       0.0661     120.36
   34.2942   123.6704       z(m) o1       0.0664     117.03
   34.2942   123.6704       z(m) p1       0.0265     127.35
   34.2942   123.6704       z(m) q1       0.0169     116.81
   34.2950   123.5088       z(m) m2       0.6631     128.27
   34.2950   123.5088       z(m) s2       0.2399     160.42
   34.2950   123.5088       z(m) n2       0.1314     108.97
   34.2950   123.5088       z(m) k2       0.0629     147.29
   34.2950   123.5088       z(m) k1       0.0516     123.41
   34.2950   123.5088       z(m) o1       0.0595     123.86
   34.2950   123.5088       z(m) p1       0.0230     132.61
   34.2950   123.5088       z(m) q1       0.0165     122.33
   34.2955   123.3471       z(m) m2       0.6465     127.65
   34.2955   123.3471       z(m) s2       0.2373     159.66
   34.2955   123.3471       z(m) n2       0.1277     108.62
   34.2955   123.3471       z(m) k2       0.0621     146.71
   34.2955   123.3471       z(m) k1       0.0370     128.60
   34.2955   123.3471       z(m) o1       0.0534     132.33
   34.2955   123.3471       z(m) p1       0.0195     139.47
   34.2955   123.3471       z(m) q1       0.0163     127.76
   34.2959   123.1855       z(m) m2       0.6280     126.77
   34.2959   123.1855       z(m) s2       0.2339     158.71
   34.2959   123.1855       z(m) n2       0.1235     108.08
   34.2959   123.1855       z(m) k2       0.0611     145.97
   34.2959   123.1855       z(m) k1       0.0226     140.38
   34.2959   123.1855       z(m) o1       0.0486     142.79
   34.2959   123.1855       z(m) p1       0.0163     148.91
   34.2959   123.1855       z(m) q1       0.0162     133.05
   34.2960   123.0239       z(m) m2       0.6071     125.62
   34.2960   123.0239       z(m) s2       0.2295     157.53
   34.2960   123.0239       z(m) n2       0.1188     107.33
   34.2960   123.0239       z(m) k2       0.0599     145.04
   34.2960   123.0239       z(m) k1       0.0115     182.45
   34.2960   123.0239       z(m) o1       0.0455     155.32
   34.2960   123.0239       z(m) p1       0.0136     162.45
   34.2960   123.0239       z(m) q1       0.0163     138.16
   34.2959   122.8622       z(m) m2       0.5832     124.11
   34.2959   122.8622       z(m) s2       0.2239     156.06
   34.2959   122.8622       z(m) n2       0.1135     106.31
   34.2959   122.8622       z(m) k2       0.0584     143.89
   34.2959   122.8622       z(m) k1       0.0168     251.42
   34.2959   122.8622       z(m) o1       0.0449     169.28
   34.2959   122.8622       z(m) p1       0.0119     181.36
   34.2959   122.8622       z(m) q1       0.0164     143.05
   34.2957   122.7006       z(m) m2       0.5562     122.20
   34.2957   122.7006       z(m) s2       0.2170     154.23
   34.2957   122.7006       z(m) n2       0.1075     104.96
   34.2957   122.7006       z(m) k2       0.0566     142.47
   34.2957   122.7006       z(m) k1       0.0319     271.40
   34.2957   122.7006       z(m) o1       0.0471     183.14
   34.2957   122.7006       z(m) p1       0.0117     203.82
   34.2957   122.7006       z(m) q1       0.0167     147.67
   34.2952   122.5390       z(m) m2       0.5257     119.80
   34.2952   122.5390       z(m) s2       0.2086     151.97
   34.2952   122.5390       z(m) n2       0.1007     103.17
   34.2952   122.5390       z(m) k2       0.0543     140.71
   34.2952   122.5390       z(m) k1       0.0490     277.85
   34.2952   122.5390       z(m) o1       0.0522     195.28
   34.2952   122.5390       z(m) p1       0.0133     224.12
   34.2952   122.5390       z(m) q1       0.0171     151.95
   34.2946   122.4024       z(m) m2       0.4968     117.32
   34.2946   122.4024       z(m) s2       0.1999     149.64
   34.2946   122.4024       z(m) n2       0.0942     101.23
   34.2946   122.4024       z(m) k2       0.0519     138.86
   34.2946   122.4024       z(m) k1       0.0643     280.19
   34.2946   122.4024       z(m) o1       0.0585     203.60
   34.2946   122.4024       z(m) p1       0.0156     236.95
   34.2946   122.4024       z(m) q1       0.0175     155.29
   34.2938   122.2658       z(m) m2       0.4643     114.42
   34.2938   122.2658       z(m) s2       0.1892     147.08
   34.2938   122.2658       z(m) n2       0.0868      98.86
   34.2938   122.2658       z(m) k2       0.0487     136.84
   34.2938   122.2658       z(m) k1       0.0807     281.35
   34.2938   122.2658       z(m) o1       0.0666     210.50
   34.2938   122.2658       z(m) p1       0.0186     246.38
   34.2938   122.2658       z(m) q1       0.0180     158.52
   34.2929   122.1293       z(m) m2       0.4401     110.68
   34.2929   122.1293       z(m) s2       0.1828     144.77
   34.2929   122.1293       z(m) n2       0.0800      95.93
   34.2929   122.1293       z(m) k2       0.0462     135.50
   34.2929   122.1293       z(m) k1       0.0972     281.54
   34.2929   122.1293       z(m) o1       0.0765     215.42
   34.2929   122.1293       z(m) p1       0.0217     253.11
   34.2929   122.1293       z(m) q1       0.0185     161.87
   34.2919   121.9927       z(m) m2       0.4288     105.83
   34.2919   121.9927       z(m) s2       0.1831     142.14
   34.2919   121.9927       z(m) n2       0.0753      91.85
   34.2919   121.9927       z(m) k2       0.0451     134.00
   34.2919   121.9927       z(m) k1       0.1115     281.39
   34.2919   121.9927       z(m) o1       0.0859     218.32
   34.2919   121.9927       z(m) p1       0.0242     258.21
   34.2919   121.9927       z(m) q1       0.0191     164.67
   34.2907   121.8594       z(m) m2       0.4221     100.27
   34.2907   121.8594       z(m) s2       0.1850     139.62
   34.2907   121.8594       z(m) n2       0.0711      86.60
   34.2907   121.8594       z(m) k2       0.0440     132.27
   34.2907   121.8594       z(m) k1       0.1248     281.27
   34.2907   121.8594       z(m) o1       0.0950     220.44
   34.2907   121.8594       z(m) p1       0.0264     262.85
   34.2907   121.8594       z(m) q1       0.0196     167.31
   34.2894   121.7261       z(m) m2       0.4147      93.65
   34.2894   121.7261       z(m) s2       0.1855     136.87
   34.2894   121.7261       z(m) n2       0.0668      79.61
   34.2894   121.7261       z(m) k2       0.0425     129.77
   34.2894   121.7261       z(m) k1       0.1381     280.93
   34.2894   121.7261       z(m) o1       0.1044     221.93
   34.2894   121.7261       z(m) p1       0.0287     267.05
   34.2894   121.7261       z(m) q1       0.0201     169.74
   34.2879   121.5927       z(m) m2       0.4080      85.80
   34.2879   121.5927       z(m) s2       0.1840     134.16
   34.2879   121.5927       z(m) n2       0.0629      70.49
   34.2879   121.5927       z(m) k2       0.0405     126.67
   34.2879   121.5927       z(m) k1       0.1511     280.59
   34.2879   121.5927       z(m) o1       0.1140     223.04
   34.2879   121.5927       z(m) p1       0.0309     271.12
   34.2879   121.5927       z(m) q1       0.0206     172.24
   34.2863   121.4594       z(m) m2       0.4045      76.49
   34.2863   121.4594       z(m) s2       0.1803     131.18
   34.2863   121.4594       z(m) n2       0.0602      59.01
   34.2863   121.4594       z(m) k2       0.0381     122.62
   34.2863   121.4594       z(m) k1       0.1638     280.15
   34.2863   121.4594       z(m) o1       0.1236     223.73
   34.2863   121.4594       z(m) p1       0.0331     274.77
   34.2863   121.4594       z(m) q1       0.0212     174.62
   34.2849   121.3500       z(m) m2       0.4069      67.79
   34.2849   121.3500       z(m) s2       0.1757     128.20
   34.2849   121.3500       z(m) n2       0.0596      48.08
   34.2849   121.3500       z(m) k2       0.0362     118.35
   34.2849   121.3500       z(m) k1       0.1738     279.67
   34.2849   121.3500       z(m) o1       0.1312     223.97
   34.2849   121.3500       z(m) p1       0.0350     277.27
   34.2849   121.3500       z(m) q1       0.0216     176.40
   34.2834   121.2407       z(m) m2       0.4170      58.41
   34.2834   121.2407       z(m) s2       0.1702     124.50
   34.2834   121.2407       z(m) n2       0.0610      36.54
   34.2834   121.2407       z(m) k2       0.0344     113.10
   34.2834   121.2407       z(m) k1       0.1834     279.10
   34.2834   121.2407       z(m) o1       0.1384     223.95
   34.2834   121.2407       z(m) p1       0.0369     279.25
   34.2834   121.2407       z(m) q1       0.0221     177.98
   34.2818   121.1314       z(m) m2       0.4366      48.73
   34.2818   121.1314       z(m) s2       0.1639     119.66
   34.2818   121.1314       z(m) n2       0.0645      25.15
   34.2818   121.1314       z(m) k2       0.0330     106.71
   34.2818   121.1314       z(m) k1       0.1926     278.42
   34.2818   121.1314       z(m) o1       0.1453     223.69
   34.2818   121.1314       z(m) p1       0.0389     280.60
   34.2818   121.1314       z(m) q1       0.0227     179.34
   34.2801   121.0247       z(m) m2       0.4662      39.45
   34.2801   121.0247       z(m) s2       0.1579     113.58
   34.2801   121.0247       z(m) n2       0.0700      14.88
   34.2801   121.0247       z(m) k2       0.0320      99.43
   34.2801   121.0247       z(m) k1       0.2011     277.63
   34.2801   121.0247       z(m) o1       0.1517     223.22
   34.2801   121.0247       z(m) p1       0.0408     281.28
   34.2801   121.0247       z(m) q1       0.0232     180.44
   34.2783   120.9180       z(m) m2       0.5059      30.70
   34.2783   120.9180       z(m) s2       0.1531     105.96
   34.2783   120.9180       z(m) n2       0.0773       5.71
   34.2783   120.9180       z(m) k2       0.0317      91.30
   34.2783   120.9180       z(m) k1       0.2093     276.77
   34.2783   120.9180       z(m) o1       0.1577     222.57
   34.2783   120.9180       z(m) p1       0.0428     281.40
   34.2783   120.9180       z(m) q1       0.0239     181.35
   34.2765   120.8114       z(m) m2       0.5543      22.66
   34.2765   120.8114       z(m) s2       0.1505      96.83
   34.2765   120.8114       z(m) n2       0.0858     357.69
   34.2765   120.8114       z(m) k2       0.0320      82.68
   34.2765   120.8114       z(m) k1       0.2171     275.82
   34.2765   120.8114       z(m) o1       0.1634     221.77
   34.2765   120.8114       z(m) p1       0.0447     280.98
   34.2765   120.8114       z(m) q1       0.0246     182.04
   34.2745   120.7047       z(m) m2       0.6105      15.22
   34.2745   120.7047       z(m) s2       0.1515      86.24
   34.2745   120.7047       z(m) n2       0.0955     350.52
   34.2745   120.7047       z(m) k2       0.0329      73.76
   34.2745   120.7047       z(m) k1       0.2246     274.77
   34.2745   120.7047       z(m) o1       0.1688     220.82
   34.2745   120.7047       z(m) p1       0.0467     280.05
   34.2745   120.7047       z(m) q1       0.0254     182.55
   34.2724   120.5958       z(m) m2       0.6738       8.16
   34.2724   120.5958       z(m) s2       0.1572      74.62
   34.2724   120.5958       z(m) n2       0.1062     343.92
   34.2724   120.5958       z(m) k2       0.0346      64.71
   34.2724   120.5958       z(m) k1       0.2318     273.61
   34.2724   120.5958       z(m) o1       0.1739     219.72
   34.2724   120.5958       z(m) p1       0.0487     278.68
   34.2724   120.5958       z(m) q1       0.0261     182.86
   34.2702   120.4870       z(m) m2       0.7426       1.42
   34.2702   120.4870       z(m) s2       0.1685      62.80
   34.2702   120.4870       z(m) n2       0.1176     337.75
   34.2702   120.4870       z(m) k2       0.0367      55.79
   34.2702   120.4870       z(m) k1       0.2386     272.35
   34.2702   120.4870       z(m) o1       0.1787     218.48
   34.2702   120.4870       z(m) p1       0.0506     276.91
   34.2702   120.4870       z(m) q1       0.0269     182.98
   34.2680   120.3781       z(m) m2       0.8107     355.43
   34.2680   120.3781       z(m) s2       0.1845      52.41
   34.2680   120.3781       z(m) n2       0.1286     332.32
   34.2680   120.3781       z(m) k2       0.0392      47.80
   34.2680   120.3781       z(m) k1       0.2442     271.06
   34.2680   120.3781       z(m) o1       0.1826     217.19
   34.2680   120.3781       z(m) p1       0.0522     275.07
   34.2680   120.3781       z(m) q1       0.0276     182.91
