   28.3618   121.7659       z(m) m2       1.5298      15.99
   28.3624   121.8336       z(m) m2       1.5233      14.82
   28.3631   121.9183       z(m) m2       1.4951      12.97
   28.3638   122.0030       z(m) m2       1.4655      12.37
   28.3644   122.0877       z(m) m2       1.4465      12.25
   28.3651   122.2013       z(m) m2       1.4248      12.12
   28.3657   122.3149       z(m) m2       1.4030      11.92
   28.3662   122.4285       z(m) m2       1.3800      11.61
   28.3667   122.5527       z(m) m2       1.3531      11.16
   28.3670   122.6768       z(m) m2       1.3248      10.61
   28.3673   122.8010       z(m) m2       1.2954       9.94
   28.3674   122.9490       z(m) m2       1.2594       9.00
   28.3674   123.0970       z(m) m2       1.2224       7.90
   28.3672   123.2449       z(m) m2       1.1851       6.65
   28.3668   123.3929       z(m) m2       1.1476       5.24
   28.3663   123.5409       z(m) m2       1.1100       3.68
   28.3657   123.6888       z(m) m2       1.0727       1.99
   28.3648   123.8368       z(m) m2       1.0358       0.19
   28.3639   123.9848       z(m) m2       0.9995     358.30
   28.3627   124.1327       z(m) m2       0.9639     356.34
   28.3614   124.2807       z(m) m2       0.9289     354.28
   28.3599   124.4286       z(m) m2       0.8939     352.10
   28.4942   124.4304       z(m) m2       0.9192     353.89
   28.6284   124.4322       z(m) m2       0.9442     355.71
   28.7626   124.4340       z(m) m2       0.9677     357.54
   28.8968   124.4359       z(m) m2       0.9889     359.34
   29.0310   124.4377       z(m) m2       1.0078       1.08
   29.1653   124.4396       z(m) m2       1.0237       2.80
   29.2995   124.4415       z(m) m2       1.0365       4.51
   29.4337   124.4434       z(m) m2       1.0464       6.21
   29.5679   124.4453       z(m) m2       1.0535       7.94
   29.7021   124.4472       z(m) m2       1.0581       9.69
   29.8363   124.4491       z(m) m2       1.0604      11.50
   29.9705   124.4511       z(m) m2       1.0608      13.35
   30.1047   124.4530       z(m) m2       1.0589      15.26
   30.2389   124.4550       z(m) m2       1.0552      17.19
   30.3731   124.4570       z(m) m2       1.0492      19.16
   30.5073   124.4590       z(m) m2       1.0407      21.18
   30.6415   124.4610       z(m) m2       1.0298      23.22
   30.7756   124.4630       z(m) m2       1.0168      25.30
   30.9098   124.4650       z(m) m2       1.0014      27.42
   31.0440   124.4671       z(m) m2       0.9840      29.61
   31.1782   124.4692       z(m) m2       0.9646      31.87
   31.3124   124.4712       z(m) m2       0.9425      34.25
   31.4465   124.4733       z(m) m2       0.9181      36.77
   31.5807   124.4754       z(m) m2       0.8918      39.46
   31.7148   124.4776       z(m) m2       0.8637      42.37
   31.8490   124.4797       z(m) m2       0.8348      45.50
   31.9832   124.4818       z(m) m2       0.8063      48.91
   32.1173   124.4840       z(m) m2       0.7790      52.56
   32.2515   124.4862       z(m) m2       0.7540      56.45
   32.3856   124.4884       z(m) m2       0.7321      60.55
   32.5198   124.4906       z(m) m2       0.7135      64.79
   32.6539   124.4928       z(m) m2       0.6989      69.11
   32.7880   124.4950       z(m) m2       0.6880      73.43
   32.9222   124.4973       z(m) m2       0.6812      77.72
   33.0563   124.4996       z(m) m2       0.6784      81.98
   33.1904   124.5018       z(m) m2       0.6785      86.25
   33.3246   124.5041       z(m) m2       0.6810      90.59
   33.4587   124.5065       z(m) m2       0.6853      95.07
   33.5928   124.5088       z(m) m2       0.6913      99.77
   33.7269   124.5111       z(m) m2       0.6988     104.76
   33.8610   124.5135       z(m) m2       0.7077     110.08
   33.9951   124.5159       z(m) m2       0.7185     115.63
   34.1293   124.5182       z(m) m2       0.7318     121.14
   34.2508   124.4650       z(m) m2       0.7419     126.10
   34.2889   124.3168       z(m) m2       0.7331     128.06
   34.2906   124.1552       z(m) m2       0.7192     128.52
   34.2920   123.9936       z(m) m2       0.7057     128.78
   34.2932   123.8320       z(m) m2       0.6922     128.83
   34.2942   123.6704       z(m) m2       0.6781     128.66
   34.2950   123.5088       z(m) m2       0.6631     128.27
   34.2955   123.3471       z(m) m2       0.6465     127.65
   34.2959   123.1855       z(m) m2       0.6280     126.77
   34.2960   123.0239       z(m) m2       0.6071     125.62
   34.2959   122.8622       z(m) m2       0.5832     124.11
   34.2957   122.7006       z(m) m2       0.5562     122.20
   34.2952   122.5390       z(m) m2       0.5257     119.80
   34.2946   122.4024       z(m) m2       0.4968     117.32
   34.2938   122.2658       z(m) m2       0.4643     114.42
   34.2929   122.1293       z(m) m2       0.4401     110.68
   34.2919   121.9927       z(m) m2       0.4288     105.83
   34.2907   121.8594       z(m) m2       0.4221     100.27
   34.2894   121.7261       z(m) m2       0.4147      93.65
   34.2879   121.5927       z(m) m2       0.4080      85.80
   34.2863   121.4594       z(m) m2       0.4045      76.49
   34.2849   121.3500       z(m) m2       0.4069      67.79
   34.2834   121.2407       z(m) m2       0.4170      58.41
   34.2818   121.1314       z(m) m2       0.4366      48.73
   34.2801   121.0247       z(m) m2       0.4662      39.45
   34.2783   120.9180       z(m) m2       0.5059      30.70
   34.2765   120.8114       z(m) m2       0.5543      22.66
   34.2745   120.7047       z(m) m2       0.6105      15.22
   34.2724   120.5958       z(m) m2       0.6738       8.16
   34.2702   120.4870       z(m) m2       0.7426       1.42
   34.2680   120.3781       z(m) m2       0.8107     355.43
