   28.3618   121.7659       z(m) p1       0.0880      89.07
   28.3624   121.8336       z(m) p1       0.0878      88.44
   28.3631   121.9183       z(m) p1       0.0873      87.47
   28.3638   122.0030       z(m) p1       0.0869      87.10
   28.3644   122.0877       z(m) p1       0.0864      86.99
   28.3651   122.2013       z(m) p1       0.0857      86.89
   28.3657   122.3149       z(m) p1       0.0850      86.80
   28.3662   122.4285       z(m) p1       0.0843      86.71
   28.3667   122.5527       z(m) p1       0.0836      86.60
   28.3670   122.6768       z(m) p1       0.0828      86.49
   28.3673   122.8010       z(m) p1       0.0821      86.37
   28.3674   122.9490       z(m) p1       0.0813      86.21
   28.3674   123.0970       z(m) p1       0.0805      86.06
   28.3672   123.2449       z(m) p1       0.0798      85.90
   28.3668   123.3929       z(m) p1       0.0792      85.74
   28.3663   123.5409       z(m) p1       0.0786      85.56
   28.3657   123.6888       z(m) p1       0.0780      85.36
   28.3648   123.8368       z(m) p1       0.0774      85.12
   28.3639   123.9848       z(m) p1       0.0768      84.81
   28.3627   124.1327       z(m) p1       0.0760      84.43
   28.3614   124.2807       z(m) p1       0.0752      83.98
   28.3599   124.4286       z(m) p1       0.0743      83.48
   28.4942   124.4304       z(m) p1       0.0745      83.21
   28.6284   124.4322       z(m) p1       0.0747      82.92
   28.7626   124.4340       z(m) p1       0.0748      82.59
   28.8968   124.4359       z(m) p1       0.0748      82.21
   29.0310   124.4377       z(m) p1       0.0749      81.79
   29.1653   124.4396       z(m) p1       0.0749      81.35
   29.2995   124.4415       z(m) p1       0.0749      80.89
   29.4337   124.4434       z(m) p1       0.0749      80.42
   29.5679   124.4453       z(m) p1       0.0748      79.93
   29.7021   124.4472       z(m) p1       0.0746      79.44
   29.8363   124.4491       z(m) p1       0.0744      78.94
   29.9705   124.4511       z(m) p1       0.0740      78.41
   30.1047   124.4530       z(m) p1       0.0735      77.86
   30.2389   124.4550       z(m) p1       0.0730      77.28
   30.3731   124.4570       z(m) p1       0.0723      76.65
   30.5073   124.4590       z(m) p1       0.0715      75.97
   30.6415   124.4610       z(m) p1       0.0706      75.26
   30.7756   124.4630       z(m) p1       0.0697      74.53
   30.9098   124.4650       z(m) p1       0.0687      73.80
   31.0440   124.4671       z(m) p1       0.0676      73.11
   31.1782   124.4692       z(m) p1       0.0664      72.50
   31.3124   124.4712       z(m) p1       0.0652      71.98
   31.4465   124.4733       z(m) p1       0.0639      71.58
   31.5807   124.4754       z(m) p1       0.0625      71.32
   31.7148   124.4776       z(m) p1       0.0610      71.19
   31.8490   124.4797       z(m) p1       0.0594      71.21
   31.9832   124.4818       z(m) p1       0.0578      71.38
   32.1173   124.4840       z(m) p1       0.0562      71.72
   32.2515   124.4862       z(m) p1       0.0546      72.23
   32.3856   124.4884       z(m) p1       0.0530      72.93
   32.5198   124.4906       z(m) p1       0.0515      73.82
   32.6539   124.4928       z(m) p1       0.0501      74.95
   32.7880   124.4950       z(m) p1       0.0488      76.33
   32.9222   124.4973       z(m) p1       0.0477      77.99
   33.0563   124.4996       z(m) p1       0.0468      79.98
   33.1904   124.5018       z(m) p1       0.0461      82.26
   33.3246   124.5041       z(m) p1       0.0455      84.82
   33.4587   124.5065       z(m) p1       0.0450      87.68
   33.5928   124.5088       z(m) p1       0.0448      90.81
   33.7269   124.5111       z(m) p1       0.0446      94.23
   33.8610   124.5135       z(m) p1       0.0447      97.92
   33.9951   124.5159       z(m) p1       0.0450     101.86
   34.1293   124.5182       z(m) p1       0.0457     105.98
   34.2508   124.4650       z(m) p1       0.0454     110.52
   34.2889   124.3168       z(m) p1       0.0420     113.90
   34.2906   124.1552       z(m) p1       0.0380     116.57
   34.2920   123.9936       z(m) p1       0.0340     119.61
   34.2932   123.8320       z(m) p1       0.0302     123.13
   34.2942   123.6704       z(m) p1       0.0265     127.35
   34.2950   123.5088       z(m) p1       0.0230     132.61
   34.2955   123.3471       z(m) p1       0.0195     139.47
   34.2959   123.1855       z(m) p1       0.0163     148.91
   34.2960   123.0239       z(m) p1       0.0136     162.45
   34.2959   122.8622       z(m) p1       0.0119     181.36
   34.2957   122.7006       z(m) p1       0.0117     203.82
   34.2952   122.5390       z(m) p1       0.0133     224.12
   34.2946   122.4024       z(m) p1       0.0156     236.95
   34.2938   122.2658       z(m) p1       0.0186     246.38
   34.2929   122.1293       z(m) p1       0.0217     253.11
   34.2919   121.9927       z(m) p1       0.0242     258.21
   34.2907   121.8594       z(m) p1       0.0264     262.85
   34.2894   121.7261       z(m) p1       0.0287     267.05
   34.2879   121.5927       z(m) p1       0.0309     271.12
   34.2863   121.4594       z(m) p1       0.0331     274.77
   34.2849   121.3500       z(m) p1       0.0350     277.27
   34.2834   121.2407       z(m) p1       0.0369     279.25
   34.2818   121.1314       z(m) p1       0.0389     280.60
   34.2801   121.0247       z(m) p1       0.0408     281.28
   34.2783   120.9180       z(m) p1       0.0428     281.40
   34.2765   120.8114       z(m) p1       0.0447     280.98
   34.2745   120.7047       z(m) p1       0.0467     280.05
   34.2724   120.5958       z(m) p1       0.0487     278.68
   34.2702   120.4870       z(m) p1       0.0506     276.91
   34.2680   120.3781       z(m) p1       0.0522     275.07
