   28.3618   121.7659       z(m) q1       0.0367      52.11
   28.3624   121.8336       z(m) q1       0.0365      51.45
   28.3631   121.9183       z(m) q1       0.0363      50.36
   28.3638   122.0030       z(m) q1       0.0360      49.92
   28.3644   122.0877       z(m) q1       0.0358      49.81
   28.3651   122.2013       z(m) q1       0.0355      49.77
   28.3657   122.3149       z(m) q1       0.0352      49.76
   28.3662   122.4285       z(m) q1       0.0349      49.74
   28.3667   122.5527       z(m) q1       0.0346      49.72
   28.3670   122.6768       z(m) q1       0.0344      49.70
   28.3673   122.8010       z(m) q1       0.0341      49.67
   28.3674   122.9490       z(m) q1       0.0338      49.62
   28.3674   123.0970       z(m) q1       0.0336      49.55
   28.3672   123.2449       z(m) q1       0.0333      49.47
   28.3668   123.3929       z(m) q1       0.0331      49.39
   28.3663   123.5409       z(m) q1       0.0330      49.31
   28.3657   123.6888       z(m) q1       0.0328      49.25
   28.3648   123.8368       z(m) q1       0.0327      49.23
   28.3639   123.9848       z(m) q1       0.0327      49.26
   28.3627   124.1327       z(m) q1       0.0327      49.36
   28.3614   124.2807       z(m) q1       0.0327      49.51
   28.3599   124.4286       z(m) q1       0.0328      49.68
   28.4942   124.4304       z(m) q1       0.0328      49.55
   28.6284   124.4322       z(m) q1       0.0327      49.45
   28.7626   124.4340       z(m) q1       0.0326      49.35
   28.8968   124.4359       z(m) q1       0.0324      49.26
   29.0310   124.4377       z(m) q1       0.0323      49.16
   29.1653   124.4396       z(m) q1       0.0320      49.06
   29.2995   124.4415       z(m) q1       0.0318      48.93
   29.4337   124.4434       z(m) q1       0.0314      48.80
   29.5679   124.4453       z(m) q1       0.0311      48.66
   29.7021   124.4472       z(m) q1       0.0307      48.52
   29.8363   124.4491       z(m) q1       0.0302      48.38
   29.9705   124.4511       z(m) q1       0.0297      48.26
   30.1047   124.4530       z(m) q1       0.0292      48.16
   30.2389   124.4550       z(m) q1       0.0286      48.09
   30.3731   124.4570       z(m) q1       0.0281      48.05
   30.5073   124.4590       z(m) q1       0.0275      48.04
   30.6415   124.4610       z(m) q1       0.0269      48.07
   30.7756   124.4630       z(m) q1       0.0264      48.14
   30.9098   124.4650       z(m) q1       0.0258      48.24
   31.0440   124.4671       z(m) q1       0.0253      48.36
   31.1782   124.4692       z(m) q1       0.0248      48.50
   31.3124   124.4712       z(m) q1       0.0243      48.58
   31.4465   124.4733       z(m) q1       0.0239      48.62
   31.5807   124.4754       z(m) q1       0.0235      48.60
   31.7148   124.4776       z(m) q1       0.0231      48.52
   31.8490   124.4797       z(m) q1       0.0227      48.42
   31.9832   124.4818       z(m) q1       0.0223      48.36
   32.1173   124.4840       z(m) q1       0.0219      48.40
   32.2515   124.4862       z(m) q1       0.0215      48.60
   32.3856   124.4884       z(m) q1       0.0211      49.04
   32.5198   124.4906       z(m) q1       0.0206      49.74
   32.6539   124.4928       z(m) q1       0.0202      50.80
   32.7880   124.4950       z(m) q1       0.0199      52.23
   32.9222   124.4973       z(m) q1       0.0196      54.11
   33.0563   124.4996       z(m) q1       0.0194      56.45
   33.1904   124.5018       z(m) q1       0.0193      59.21
   33.3246   124.5041       z(m) q1       0.0192      62.35
   33.4587   124.5065       z(m) q1       0.0193      65.84
   33.5928   124.5088       z(m) q1       0.0194      69.64
   33.7269   124.5111       z(m) q1       0.0196      73.69
   33.8610   124.5135       z(m) q1       0.0198      77.93
   33.9951   124.5159       z(m) q1       0.0201      82.18
   34.1293   124.5182       z(m) q1       0.0205      86.23
   34.2508   124.4650       z(m) q1       0.0206      90.98
   34.2889   124.3168       z(m) q1       0.0198      96.04
   34.2906   124.1552       z(m) q1       0.0188     100.86
   34.2920   123.9936       z(m) q1       0.0180     105.98
   34.2932   123.8320       z(m) q1       0.0174     111.33
   34.2942   123.6704       z(m) q1       0.0169     116.81
   34.2950   123.5088       z(m) q1       0.0165     122.33
   34.2955   123.3471       z(m) q1       0.0163     127.76
   34.2959   123.1855       z(m) q1       0.0162     133.05
   34.2960   123.0239       z(m) q1       0.0163     138.16
   34.2959   122.8622       z(m) q1       0.0164     143.05
   34.2957   122.7006       z(m) q1       0.0167     147.67
   34.2952   122.5390       z(m) q1       0.0171     151.95
   34.2946   122.4024       z(m) q1       0.0175     155.29
   34.2938   122.2658       z(m) q1       0.0180     158.52
   34.2929   122.1293       z(m) q1       0.0185     161.87
   34.2919   121.9927       z(m) q1       0.0191     164.67
   34.2907   121.8594       z(m) q1       0.0196     167.31
   34.2894   121.7261       z(m) q1       0.0201     169.74
   34.2879   121.5927       z(m) q1       0.0206     172.24
   34.2863   121.4594       z(m) q1       0.0212     174.62
   34.2849   121.3500       z(m) q1       0.0216     176.40
   34.2834   121.2407       z(m) q1       0.0221     177.98
   34.2818   121.1314       z(m) q1       0.0227     179.34
   34.2801   121.0247       z(m) q1       0.0232     180.44
   34.2783   120.9180       z(m) q1       0.0239     181.35
   34.2765   120.8114       z(m) q1       0.0246     182.04
   34.2745   120.7047       z(m) q1       0.0254     182.55
   34.2724   120.5958       z(m) q1       0.0261     182.86
   34.2702   120.4870       z(m) q1       0.0269     182.98
   34.2680   120.3781       z(m) q1       0.0276     182.91
