   28.3618   121.7659       z(m) k1       0.2832      94.16
   28.3624   121.8336       z(m) k1       0.2821      93.46
   28.3631   121.9183       z(m) k1       0.2801      92.36
   28.3638   122.0030       z(m) k1       0.2780      91.88
   28.3644   122.0877       z(m) k1       0.2762      91.71
   28.3651   122.2013       z(m) k1       0.2739      91.54
   28.3657   122.3149       z(m) k1       0.2716      91.37
   28.3662   122.4285       z(m) k1       0.2694      91.20
   28.3667   122.5527       z(m) k1       0.2670      91.00
   28.3670   122.6768       z(m) k1       0.2647      90.78
   28.3673   122.8010       z(m) k1       0.2625      90.54
   28.3674   122.9490       z(m) k1       0.2600      90.24
   28.3674   123.0970       z(m) k1       0.2577      89.92
   28.3672   123.2449       z(m) k1       0.2555      89.59
   28.3668   123.3929       z(m) k1       0.2535      89.24
   28.3663   123.5409       z(m) k1       0.2516      88.87
   28.3657   123.6888       z(m) k1       0.2497      88.48
   28.3648   123.8368       z(m) k1       0.2480      88.05
   28.3639   123.9848       z(m) k1       0.2461      87.57
   28.3627   124.1327       z(m) k1       0.2442      87.04
   28.3614   124.2807       z(m) k1       0.2422      86.46
   28.3599   124.4286       z(m) k1       0.2400      85.81
   28.4942   124.4304       z(m) k1       0.2411      85.44
   28.6284   124.4322       z(m) k1       0.2419      85.06
   28.7626   124.4340       z(m) k1       0.2425      84.66
   28.8968   124.4359       z(m) k1       0.2429      84.24
   29.0310   124.4377       z(m) k1       0.2431      83.81
   29.1653   124.4396       z(m) k1       0.2433      83.37
   29.2995   124.4415       z(m) k1       0.2434      82.92
   29.4337   124.4434       z(m) k1       0.2434      82.46
   29.5679   124.4453       z(m) k1       0.2432      81.99
   29.7021   124.4472       z(m) k1       0.2428      81.50
   29.8363   124.4491       z(m) k1       0.2422      81.00
   29.9705   124.4511       z(m) k1       0.2414      80.48
   30.1047   124.4530       z(m) k1       0.2402      79.94
   30.2389   124.4550       z(m) k1       0.2388      79.36
   30.3731   124.4570       z(m) k1       0.2371      78.76
   30.5073   124.4590       z(m) k1       0.2351      78.12
   30.6415   124.4610       z(m) k1       0.2328      77.47
   30.7756   124.4630       z(m) k1       0.2302      76.81
   30.9098   124.4650       z(m) k1       0.2275      76.15
   31.0440   124.4671       z(m) k1       0.2245      75.52
   31.1782   124.4692       z(m) k1       0.2213      74.93
   31.3124   124.4712       z(m) k1       0.2179      74.38
   31.4465   124.4733       z(m) k1       0.2143      73.90
   31.5807   124.4754       z(m) k1       0.2105      73.49
   31.7148   124.4776       z(m) k1       0.2065      73.15
   31.8490   124.4797       z(m) k1       0.2023      72.89
   31.9832   124.4818       z(m) k1       0.1978      72.73
   32.1173   124.4840       z(m) k1       0.1930      72.69
   32.2515   124.4862       z(m) k1       0.1880      72.81
   32.3856   124.4884       z(m) k1       0.1826      73.13
   32.5198   124.4906       z(m) k1       0.1770      73.68
   32.6539   124.4928       z(m) k1       0.1712      74.52
   32.7880   124.4950       z(m) k1       0.1656      75.67
   32.9222   124.4973       z(m) k1       0.1601      77.21
   33.0563   124.4996       z(m) k1       0.1551      79.17
   33.1904   124.5018       z(m) k1       0.1506      81.53
   33.3246   124.5041       z(m) k1       0.1466      84.28
   33.4587   124.5065       z(m) k1       0.1433      87.40
   33.5928   124.5088       z(m) k1       0.1408      90.85
   33.7269   124.5111       z(m) k1       0.1390      94.61
   33.8610   124.5135       z(m) k1       0.1379      98.63
   33.9951   124.5159       z(m) k1       0.1376     102.91
   34.1293   124.5182       z(m) k1       0.1385     107.46
   34.2508   124.4650       z(m) k1       0.1358     111.99
   34.2889   124.3168       z(m) k1       0.1233     114.25
   34.2906   124.1552       z(m) k1       0.1090     115.35
   34.2920   123.9936       z(m) k1       0.0947     116.65
   34.2932   123.8320       z(m) k1       0.0804     118.26
   34.2942   123.6704       z(m) k1       0.0661     120.36
   34.2950   123.5088       z(m) k1       0.0516     123.41
   34.2955   123.3471       z(m) k1       0.0370     128.60
   34.2959   123.1855       z(m) k1       0.0226     140.38
   34.2960   123.0239       z(m) k1       0.0115     182.45
   34.2959   122.8622       z(m) k1       0.0168     251.42
   34.2957   122.7006       z(m) k1       0.0319     271.40
   34.2952   122.5390       z(m) k1       0.0490     277.85
   34.2946   122.4024       z(m) k1       0.0643     280.19
   34.2938   122.2658       z(m) k1       0.0807     281.35
   34.2929   122.1293       z(m) k1       0.0972     281.54
   34.2919   121.9927       z(m) k1       0.1115     281.39
   34.2907   121.8594       z(m) k1       0.1248     281.27
   34.2894   121.7261       z(m) k1       0.1381     280.93
   34.2879   121.5927       z(m) k1       0.1511     280.59
   34.2863   121.4594       z(m) k1       0.1638     280.15
   34.2849   121.3500       z(m) k1       0.1738     279.67
   34.2834   121.2407       z(m) k1       0.1834     279.10
   34.2818   121.1314       z(m) k1       0.1926     278.42
   34.2801   121.0247       z(m) k1       0.2011     277.63
   34.2783   120.9180       z(m) k1       0.2093     276.77
   34.2765   120.8114       z(m) k1       0.2171     275.82
   34.2745   120.7047       z(m) k1       0.2246     274.77
   34.2724   120.5958       z(m) k1       0.2318     273.61
   34.2702   120.4870       z(m) k1       0.2386     272.35
   34.2680   120.3781       z(m) k1       0.2442     271.06
