   28.3618   121.7659       z(m) o1       0.2112      68.71
   28.3624   121.8336       z(m) o1       0.2109      68.07
   28.3631   121.9183       z(m) o1       0.2100      67.03
   28.3638   122.0030       z(m) o1       0.2089      66.61
   28.3644   122.0877       z(m) o1       0.2079      66.49
   28.3651   122.2013       z(m) o1       0.2063      66.39
   28.3657   122.3149       z(m) o1       0.2047      66.29
   28.3662   122.4285       z(m) o1       0.2031      66.20
   28.3667   122.5527       z(m) o1       0.2012      66.08
   28.3670   122.6768       z(m) o1       0.1994      65.97
   28.3673   122.8010       z(m) o1       0.1977      65.84
   28.3674   122.9490       z(m) o1       0.1956      65.69
   28.3674   123.0970       z(m) o1       0.1937      65.52
   28.3672   123.2449       z(m) o1       0.1919      65.34
   28.3668   123.3929       z(m) o1       0.1903      65.16
   28.3663   123.5409       z(m) o1       0.1887      64.96
   28.3657   123.6888       z(m) o1       0.1872      64.75
   28.3648   123.8368       z(m) o1       0.1859      64.52
   28.3639   123.9848       z(m) o1       0.1846      64.27
   28.3627   124.1327       z(m) o1       0.1833      64.00
   28.3614   124.2807       z(m) o1       0.1821      63.71
   28.3599   124.4286       z(m) o1       0.1808      63.40
   28.4942   124.4304       z(m) o1       0.1808      62.98
   28.6284   124.4322       z(m) o1       0.1806      62.58
   28.7626   124.4340       z(m) o1       0.1803      62.18
   28.8968   124.4359       z(m) o1       0.1799      61.76
   29.0310   124.4377       z(m) o1       0.1794      61.33
   29.1653   124.4396       z(m) o1       0.1788      60.88
   29.2995   124.4415       z(m) o1       0.1781      60.41
   29.4337   124.4434       z(m) o1       0.1772      59.93
   29.5679   124.4453       z(m) o1       0.1762      59.43
   29.7021   124.4472       z(m) o1       0.1750      58.91
   29.8363   124.4491       z(m) o1       0.1737      58.38
   29.9705   124.4511       z(m) o1       0.1722      57.83
   30.1047   124.4530       z(m) o1       0.1705      57.25
   30.2389   124.4550       z(m) o1       0.1687      56.65
   30.3731   124.4570       z(m) o1       0.1668      56.03
   30.5073   124.4590       z(m) o1       0.1646      55.37
   30.6415   124.4610       z(m) o1       0.1624      54.72
   30.7756   124.4630       z(m) o1       0.1601      54.06
   30.9098   124.4650       z(m) o1       0.1576      53.43
   31.0440   124.4671       z(m) o1       0.1550      52.82
   31.1782   124.4692       z(m) o1       0.1523      52.27
   31.3124   124.4712       z(m) o1       0.1493      51.77
   31.4465   124.4733       z(m) o1       0.1462      51.33
   31.5807   124.4754       z(m) o1       0.1430      50.96
   31.7148   124.4776       z(m) o1       0.1396      50.66
   31.8490   124.4797       z(m) o1       0.1361      50.46
   31.9832   124.4818       z(m) o1       0.1324      50.40
   32.1173   124.4840       z(m) o1       0.1287      50.53
   32.2515   124.4862       z(m) o1       0.1249      50.89
   32.3856   124.4884       z(m) o1       0.1210      51.57
   32.5198   124.4906       z(m) o1       0.1170      52.59
   32.6539   124.4928       z(m) o1       0.1132      54.05
   32.7880   124.4950       z(m) o1       0.1096      55.93
   32.9222   124.4973       z(m) o1       0.1065      58.26
   33.0563   124.4996       z(m) o1       0.1040      61.06
   33.1904   124.5018       z(m) o1       0.1022      64.24
   33.3246   124.5041       z(m) o1       0.1010      67.73
   33.4587   124.5065       z(m) o1       0.1005      71.46
   33.5928   124.5088       z(m) o1       0.1007      75.36
   33.7269   124.5111       z(m) o1       0.1015      79.36
   33.8610   124.5135       z(m) o1       0.1027      83.42
   33.9951   124.5159       z(m) o1       0.1045      87.49
   34.1293   124.5182       z(m) o1       0.1071      91.55
   34.2508   124.4650       z(m) o1       0.1072      96.01
   34.2889   124.3168       z(m) o1       0.0996      99.71
   34.2906   124.1552       z(m) o1       0.0905     102.99
   34.2920   123.9936       z(m) o1       0.0820     106.86
   34.2932   123.8320       z(m) o1       0.0739     111.46
   34.2942   123.6704       z(m) o1       0.0664     117.03
   34.2950   123.5088       z(m) o1       0.0595     123.86
   34.2955   123.3471       z(m) o1       0.0534     132.33
   34.2959   123.1855       z(m) o1       0.0486     142.79
   34.2960   123.0239       z(m) o1       0.0455     155.32
   34.2959   122.8622       z(m) o1       0.0449     169.28
   34.2957   122.7006       z(m) o1       0.0471     183.14
   34.2952   122.5390       z(m) o1       0.0522     195.28
   34.2946   122.4024       z(m) o1       0.0585     203.60
   34.2938   122.2658       z(m) o1       0.0666     210.50
   34.2929   122.1293       z(m) o1       0.0765     215.42
   34.2919   121.9927       z(m) o1       0.0859     218.32
   34.2907   121.8594       z(m) o1       0.0950     220.44
   34.2894   121.7261       z(m) o1       0.1044     221.93
   34.2879   121.5927       z(m) o1       0.1140     223.04
   34.2863   121.4594       z(m) o1       0.1236     223.73
   34.2849   121.3500       z(m) o1       0.1312     223.97
   34.2834   121.2407       z(m) o1       0.1384     223.95
   34.2818   121.1314       z(m) o1       0.1453     223.69
   34.2801   121.0247       z(m) o1       0.1517     223.22
   34.2783   120.9180       z(m) o1       0.1577     222.57
   34.2765   120.8114       z(m) o1       0.1634     221.77
   34.2745   120.7047       z(m) o1       0.1688     220.82
   34.2724   120.5958       z(m) o1       0.1739     219.72
   34.2702   120.4870       z(m) o1       0.1787     218.48
   34.2680   120.3781       z(m) o1       0.1826     217.19
