   28.3618   121.7659       z(m) k2       0.1678      49.46
   28.3624   121.8336       z(m) k2       0.1670      47.86
   28.3631   121.9183       z(m) k2       0.1644      45.37
   28.3638   122.0030       z(m) k2       0.1619      44.29
   28.3644   122.0877       z(m) k2       0.1604      43.79
   28.3651   122.2013       z(m) k2       0.1588      43.23
   28.3657   122.3149       z(m) k2       0.1570      42.62
   28.3662   122.4285       z(m) k2       0.1551      41.93
   28.3667   122.5527       z(m) k2       0.1527      41.06
   28.3670   122.6768       z(m) k2       0.1501      40.10
   28.3673   122.8010       z(m) k2       0.1473      39.05
   28.3674   122.9490       z(m) k2       0.1438      37.69
   28.3674   123.0970       z(m) k2       0.1401      36.20
   28.3672   123.2449       z(m) k2       0.1364      34.61
   28.3668   123.3929       z(m) k2       0.1325      32.89
   28.3663   123.5409       z(m) k2       0.1285      31.05
   28.3657   123.6888       z(m) k2       0.1245      29.06
   28.3648   123.8368       z(m) k2       0.1203      26.90
   28.3639   123.9848       z(m) k2       0.1161      24.54
   28.3627   124.1327       z(m) k2       0.1118      21.97
   28.3614   124.2807       z(m) k2       0.1075      19.15
   28.3599   124.4286       z(m) k2       0.1032      16.12
   28.4942   124.4304       z(m) k2       0.1066      18.42
   28.6284   124.4322       z(m) k2       0.1100      20.67
   28.7626   124.4340       z(m) k2       0.1133      22.88
   28.8968   124.4359       z(m) k2       0.1163      24.99
   29.0310   124.4377       z(m) k2       0.1192      27.03
   29.1653   124.4396       z(m) k2       0.1217      29.03
   29.2995   124.4415       z(m) k2       0.1239      31.03
   29.4337   124.4434       z(m) k2       0.1258      33.01
   29.5679   124.4453       z(m) k2       0.1274      35.00
   29.7021   124.4472       z(m) k2       0.1286      37.00
   29.8363   124.4491       z(m) k2       0.1294      39.03
   29.9705   124.4511       z(m) k2       0.1300      41.05
   30.1047   124.4530       z(m) k2       0.1303      43.11
   30.2389   124.4550       z(m) k2       0.1303      45.14
   30.3731   124.4570       z(m) k2       0.1301      47.17
   30.5073   124.4590       z(m) k2       0.1296      49.19
   30.6415   124.4610       z(m) k2       0.1288      51.18
   30.7756   124.4630       z(m) k2       0.1278      53.13
   30.9098   124.4650       z(m) k2       0.1265      55.05
   31.0440   124.4671       z(m) k2       0.1250      56.95
   31.1782   124.4692       z(m) k2       0.1231      58.84
   31.3124   124.4712       z(m) k2       0.1208      60.75
   31.4465   124.4733       z(m) k2       0.1181      62.68
   31.5807   124.4754       z(m) k2       0.1150      64.67
   31.7148   124.4776       z(m) k2       0.1115      66.76
   31.8490   124.4797       z(m) k2       0.1077      68.94
   31.9832   124.4818       z(m) k2       0.1037      71.27
   32.1173   124.4840       z(m) k2       0.0998      73.76
   32.2515   124.4862       z(m) k2       0.0959      76.42
   32.3856   124.4884       z(m) k2       0.0923      79.28
   32.5198   124.4906       z(m) k2       0.0889      82.29
   32.6539   124.4928       z(m) k2       0.0859      85.43
   32.7880   124.4950       z(m) k2       0.0831      88.66
   32.9222   124.4973       z(m) k2       0.0807      92.02
   33.0563   124.4996       z(m) k2       0.0786      95.53
   33.1904   124.5018       z(m) k2       0.0767      99.28
   33.3246   124.5041       z(m) k2       0.0750     103.36
   33.4587   124.5065       z(m) k2       0.0734     107.89
   33.5928   124.5088       z(m) k2       0.0719     112.97
   33.7269   124.5111       z(m) k2       0.0706     118.71
   33.8610   124.5135       z(m) k2       0.0695     125.17
   33.9951   124.5159       z(m) k2       0.0687     132.17
   34.1293   124.5182       z(m) k2       0.0684     139.31
   34.2508   124.4650       z(m) k2       0.0680     145.68
   34.2889   124.3168       z(m) k2       0.0669     147.82
   34.2906   124.1552       z(m) k2       0.0659     148.03
   34.2920   123.9936       z(m) k2       0.0651     148.08
   34.2932   123.8320       z(m) k2       0.0643     147.98
   34.2942   123.6704       z(m) k2       0.0636     147.72
   34.2950   123.5088       z(m) k2       0.0629     147.29
   34.2955   123.3471       z(m) k2       0.0621     146.71
   34.2959   123.1855       z(m) k2       0.0611     145.97
   34.2960   123.0239       z(m) k2       0.0599     145.04
   34.2959   122.8622       z(m) k2       0.0584     143.89
   34.2957   122.7006       z(m) k2       0.0566     142.47
   34.2952   122.5390       z(m) k2       0.0543     140.71
   34.2946   122.4024       z(m) k2       0.0519     138.86
   34.2938   122.2658       z(m) k2       0.0487     136.84
   34.2929   122.1293       z(m) k2       0.0462     135.50
   34.2919   121.9927       z(m) k2       0.0451     134.00
   34.2907   121.8594       z(m) k2       0.0440     132.27
   34.2894   121.7261       z(m) k2       0.0425     129.77
   34.2879   121.5927       z(m) k2       0.0405     126.67
   34.2863   121.4594       z(m) k2       0.0381     122.62
   34.2849   121.3500       z(m) k2       0.0362     118.35
   34.2834   121.2407       z(m) k2       0.0344     113.10
   34.2818   121.1314       z(m) k2       0.0330     106.71
   34.2801   121.0247       z(m) k2       0.0320      99.43
   34.2783   120.9180       z(m) k2       0.0317      91.30
   34.2765   120.8114       z(m) k2       0.0320      82.68
   34.2745   120.7047       z(m) k2       0.0329      73.76
   34.2724   120.5958       z(m) k2       0.0346      64.71
   34.2702   120.4870       z(m) k2       0.0367      55.79
   34.2680   120.3781       z(m) k2       0.0392      47.80
