   28.3618   121.7659       z(m) s2       0.5647      48.09
   28.3624   121.8336       z(m) s2       0.5629      46.74
   28.3631   121.9183       z(m) s2       0.5536      44.76
   28.3638   122.0030       z(m) s2       0.5447      44.27
   28.3644   122.0877       z(m) s2       0.5400      44.27
   28.3651   122.2013       z(m) s2       0.5350      44.29
   28.3657   122.3149       z(m) s2       0.5297      44.21
   28.3662   122.4285       z(m) s2       0.5236      44.01
   28.3667   122.5527       z(m) s2       0.5161      43.64
   28.3670   122.6768       z(m) s2       0.5078      43.11
   28.3673   122.8010       z(m) s2       0.4988      42.45
   28.3674   122.9490       z(m) s2       0.4874      41.50
   28.3674   123.0970       z(m) s2       0.4753      40.36
   28.3672   123.2449       z(m) s2       0.4627      39.06
   28.3668   123.3929       z(m) s2       0.4498      37.60
   28.3663   123.5409       z(m) s2       0.4367      35.97
   28.3657   123.6888       z(m) s2       0.4233      34.18
   28.3648   123.8368       z(m) s2       0.4096      32.23
   28.3639   123.9848       z(m) s2       0.3959      30.12
   28.3627   124.1327       z(m) s2       0.3820      27.85
   28.3614   124.2807       z(m) s2       0.3680      25.38
   28.3599   124.4286       z(m) s2       0.3537      22.69
   28.4942   124.4304       z(m) s2       0.3662      25.05
   28.6284   124.4322       z(m) s2       0.3786      27.35
   28.7626   124.4340       z(m) s2       0.3906      29.58
   28.8968   124.4359       z(m) s2       0.4017      31.68
   29.0310   124.4377       z(m) s2       0.4118      33.67
   29.1653   124.4396       z(m) s2       0.4207      35.59
   29.2995   124.4415       z(m) s2       0.4285      37.48
   29.4337   124.4434       z(m) s2       0.4350      39.36
   29.5679   124.4453       z(m) s2       0.4404      41.25
   29.7021   124.4472       z(m) s2       0.4450      43.18
   29.8363   124.4491       z(m) s2       0.4487      45.18
   29.9705   124.4511       z(m) s2       0.4517      47.20
   30.1047   124.4530       z(m) s2       0.4537      49.28
   30.2389   124.4550       z(m) s2       0.4550      51.35
   30.3731   124.4570       z(m) s2       0.4551      53.40
   30.5073   124.4590       z(m) s2       0.4539      55.45
   30.6415   124.4610       z(m) s2       0.4516      57.46
   30.7756   124.4630       z(m) s2       0.4481      59.44
   30.9098   124.4650       z(m) s2       0.4434      61.40
   31.0440   124.4671       z(m) s2       0.4376      63.35
   31.1782   124.4692       z(m) s2       0.4309      65.30
   31.3124   124.4712       z(m) s2       0.4229      67.30
   31.4465   124.4733       z(m) s2       0.4139      69.33
   31.5807   124.4754       z(m) s2       0.4038      71.42
   31.7148   124.4776       z(m) s2       0.3926      73.62
   31.8490   124.4797       z(m) s2       0.3803      75.92
   31.9832   124.4818       z(m) s2       0.3673      78.37
   32.1173   124.4840       z(m) s2       0.3537      80.97
   32.2515   124.4862       z(m) s2       0.3398      83.75
   32.3856   124.4884       z(m) s2       0.3258      86.74
   32.5198   124.4906       z(m) s2       0.3119      89.94
   32.6539   124.4928       z(m) s2       0.2988      93.36
   32.7880   124.4950       z(m) s2       0.2867      97.01
   32.9222   124.4973       z(m) s2       0.2762     100.91
   33.0563   124.4996       z(m) s2       0.2676     105.08
   33.1904   124.5018       z(m) s2       0.2606     109.56
   33.3246   124.5041       z(m) s2       0.2551     114.39
   33.4587   124.5065       z(m) s2       0.2511     119.63
   33.5928   124.5088       z(m) s2       0.2484     125.34
   33.7269   124.5111       z(m) s2       0.2468     131.57
   33.8610   124.5135       z(m) s2       0.2464     138.38
   33.9951   124.5159       z(m) s2       0.2474     145.60
   34.1293   124.5182       z(m) s2       0.2498     152.88
   34.2508   124.4650       z(m) s2       0.2524     159.32
   34.2889   124.3168       z(m) s2       0.2507     161.47
   34.2906   124.1552       z(m) s2       0.2480     161.63
   34.2920   123.9936       z(m) s2       0.2459     161.59
   34.2932   123.8320       z(m) s2       0.2440     161.39
   34.2942   123.6704       z(m) s2       0.2421     160.99
   34.2950   123.5088       z(m) s2       0.2399     160.42
   34.2955   123.3471       z(m) s2       0.2373     159.66
   34.2959   123.1855       z(m) s2       0.2339     158.71
   34.2960   123.0239       z(m) s2       0.2295     157.53
   34.2959   122.8622       z(m) s2       0.2239     156.06
   34.2957   122.7006       z(m) s2       0.2170     154.23
   34.2952   122.5390       z(m) s2       0.2086     151.97
   34.2946   122.4024       z(m) s2       0.1999     149.64
   34.2938   122.2658       z(m) s2       0.1892     147.08
   34.2929   122.1293       z(m) s2       0.1828     144.77
   34.2919   121.9927       z(m) s2       0.1831     142.14
   34.2907   121.8594       z(m) s2       0.1850     139.62
   34.2894   121.7261       z(m) s2       0.1855     136.87
   34.2879   121.5927       z(m) s2       0.1840     134.16
   34.2863   121.4594       z(m) s2       0.1803     131.18
   34.2849   121.3500       z(m) s2       0.1757     128.20
   34.2834   121.2407       z(m) s2       0.1702     124.50
   34.2818   121.1314       z(m) s2       0.1639     119.66
   34.2801   121.0247       z(m) s2       0.1579     113.58
   34.2783   120.9180       z(m) s2       0.1531     105.96
   34.2765   120.8114       z(m) s2       0.1505      96.83
   34.2745   120.7047       z(m) s2       0.1515      86.24
   34.2724   120.5958       z(m) s2       0.1572      74.62
   34.2702   120.4870       z(m) s2       0.1685      62.80
   34.2680   120.3781       z(m) s2       0.1845      52.41
