   28.3618   121.7659       z(m) n2       0.3000       2.06
   28.3624   121.8336       z(m) n2       0.2973       0.62
   28.3631   121.9183       z(m) n2       0.2907     358.32
   28.3638   122.0030       z(m) n2       0.2841     357.36
   28.3644   122.0877       z(m) n2       0.2797     357.01
   28.3651   122.2013       z(m) n2       0.2747     356.66
   28.3657   122.3149       z(m) n2       0.2698     356.28
   28.3662   122.4285       z(m) n2       0.2647     355.82
   28.3667   122.5527       z(m) n2       0.2589     355.23
   28.3670   122.6768       z(m) n2       0.2529     354.54
   28.3673   122.8010       z(m) n2       0.2469     353.77
   28.3674   122.9490       z(m) n2       0.2396     352.76
   28.3674   123.0970       z(m) n2       0.2323     351.63
   28.3672   123.2449       z(m) n2       0.2249     350.40
   28.3668   123.3929       z(m) n2       0.2175     349.08
   28.3663   123.5409       z(m) n2       0.2102     347.65
   28.3657   123.6888       z(m) n2       0.2028     346.11
   28.3648   123.8368       z(m) n2       0.1954     344.44
   28.3639   123.9848       z(m) n2       0.1881     342.65
   28.3627   124.1327       z(m) n2       0.1809     340.72
   28.3614   124.2807       z(m) n2       0.1738     338.63
   28.3599   124.4286       z(m) n2       0.1668     336.41
   28.4942   124.4304       z(m) n2       0.1705     338.32
   28.6284   124.4322       z(m) n2       0.1743     340.25
   28.7626   124.4340       z(m) n2       0.1778     342.19
   28.8968   124.4359       z(m) n2       0.1809     344.08
   29.0310   124.4377       z(m) n2       0.1838     345.95
   29.1653   124.4396       z(m) n2       0.1862     347.84
   29.2995   124.4415       z(m) n2       0.1882     349.76
   29.4337   124.4434       z(m) n2       0.1897     351.72
   29.5679   124.4453       z(m) n2       0.1909     353.74
   29.7021   124.4472       z(m) n2       0.1916     355.83
   29.8363   124.4491       z(m) n2       0.1920     358.01
   29.9705   124.4511       z(m) n2       0.1922       0.25
   30.1047   124.4530       z(m) n2       0.1921       2.57
   30.2389   124.4550       z(m) n2       0.1919       4.91
   30.3731   124.4570       z(m) n2       0.1914       7.29
   30.5073   124.4590       z(m) n2       0.1907       9.70
   30.6415   124.4610       z(m) n2       0.1898      12.12
   30.7756   124.4630       z(m) n2       0.1886      14.54
   30.9098   124.4650       z(m) n2       0.1871      16.96
   31.0440   124.4671       z(m) n2       0.1853      19.40
   31.1782   124.4692       z(m) n2       0.1831      21.86
   31.3124   124.4712       z(m) n2       0.1803      24.40
   31.4465   124.4733       z(m) n2       0.1770      27.02
   31.5807   124.4754       z(m) n2       0.1732      29.74
   31.7148   124.4776       z(m) n2       0.1691      32.63
   31.8490   124.4797       z(m) n2       0.1649      35.65
   31.9832   124.4818       z(m) n2       0.1606      38.86
   32.1173   124.4840       z(m) n2       0.1567      42.22
   32.2515   124.4862       z(m) n2       0.1531      45.71
   32.3856   124.4884       z(m) n2       0.1501      49.32
   32.5198   124.4906       z(m) n2       0.1477      52.98
   32.6539   124.4928       z(m) n2       0.1459      56.62
   32.7880   124.4950       z(m) n2       0.1446      60.20
   32.9222   124.4973       z(m) n2       0.1439      63.72
   33.0563   124.4996       z(m) n2       0.1436      67.19
   33.1904   124.5018       z(m) n2       0.1436      70.70
   33.3246   124.5041       z(m) n2       0.1439      74.32
   33.4587   124.5065       z(m) n2       0.1443      78.15
   33.5928   124.5088       z(m) n2       0.1449      82.26
   33.7269   124.5111       z(m) n2       0.1458      86.72
   33.8610   124.5135       z(m) n2       0.1469      91.57
   33.9951   124.5159       z(m) n2       0.1482      96.70
   34.1293   124.5182       z(m) n2       0.1499     101.85
   34.2508   124.4650       z(m) n2       0.1505     106.52
   34.2889   124.3168       z(m) n2       0.1477     108.32
   34.2906   124.1552       z(m) n2       0.1444     108.74
   34.2920   123.9936       z(m) n2       0.1413     109.02
   34.2932   123.8320       z(m) n2       0.1381     109.16
   34.2942   123.6704       z(m) n2       0.1349     109.15
   34.2950   123.5088       z(m) n2       0.1314     108.97
   34.2955   123.3471       z(m) n2       0.1277     108.62
   34.2959   123.1855       z(m) n2       0.1235     108.08
   34.2960   123.0239       z(m) n2       0.1188     107.33
   34.2959   122.8622       z(m) n2       0.1135     106.31
   34.2957   122.7006       z(m) n2       0.1075     104.96
   34.2952   122.5390       z(m) n2       0.1007     103.17
   34.2946   122.4024       z(m) n2       0.0942     101.23
   34.2938   122.2658       z(m) n2       0.0868      98.86
   34.2929   122.1293       z(m) n2       0.0800      95.93
   34.2919   121.9927       z(m) n2       0.0753      91.85
   34.2907   121.8594       z(m) n2       0.0711      86.60
   34.2894   121.7261       z(m) n2       0.0668      79.61
   34.2879   121.5927       z(m) n2       0.0629      70.49
   34.2863   121.4594       z(m) n2       0.0602      59.01
   34.2849   121.3500       z(m) n2       0.0596      48.08
   34.2834   121.2407       z(m) n2       0.0610      36.54
   34.2818   121.1314       z(m) n2       0.0645      25.15
   34.2801   121.0247       z(m) n2       0.0700      14.88
   34.2783   120.9180       z(m) n2       0.0773       5.71
   34.2765   120.8114       z(m) n2       0.0858     357.69
   34.2745   120.7047       z(m) n2       0.0955     350.52
   34.2724   120.5958       z(m) n2       0.1062     343.92
   34.2702   120.4870       z(m) n2       0.1176     337.75
   34.2680   120.3781       z(m) n2       0.1286     332.32
